Log file open, 12/15/18 19:47:23
LogWindows: Failed to load 'aqProf.dll' (GetLastError=126)
LogWindows: File 'aqProf.dll' does not exist
LogWindows: Failed to load 'VtuneApi.dll' (GetLastError=126)
LogWindows: File 'VtuneApi.dll' does not exist
LogWindows: Failed to load 'VtuneApi32e.dll' (GetLastError=126)
LogWindows: File 'VtuneApi32e.dll' does not exist
LogConsoleResponse: Display: Failed to find resolution value strings in scalability ini. Falling back to default.
LogInit: Display: Running engine for game: EndlessRunner
LogPakFile: Registered encryption key '00000000000000000000000000000000': 0 pak files mounted, 0 remain pending
LogPlatformFile: Not using cached read wrapper
LogTaskGraph: Started task graph with 5 named threads and 23 total threads with 3 sets of task threads.
LogStats: Stats thread started at 0.278074
LogD3D11RHI: Loaded GFSDK_Aftermath_Lib.x64.dll
LogICUInternationalization: ICU TimeZone Detection - Raw Offset: -8:00, Platform Override: ''
LogPluginManager: Mounting plugin Paper2D
LogPluginManager: Mounting plugin AISupport
LogPluginManager: Mounting plugin LightPropagationVolume
LogPluginManager: Mounting plugin ActorLayerUtilities
LogPluginManager: Mounting plugin CLionSourceCodeAccess
LogPluginManager: Mounting plugin CodeLiteSourceCodeAccess
LogPluginManager: Mounting plugin GitSourceControl
LogPluginManager: Mounting plugin KDevelopSourceCodeAccess
LogPluginManager: Mounting plugin NullSourceCodeAccess
LogPluginManager: Mounting plugin PerforceSourceControl
LogPluginManager: Mounting plugin SubversionSourceControl
LogPluginManager: Mounting plugin UObjectPlugin
LogPluginManager: Mounting plugin VisualStudioCodeSourceCodeAccess
LogPluginManager: Mounting plugin VisualStudioSourceCodeAccess
LogPluginManager: Mounting plugin XCodeSourceCodeAccess
LogPluginManager: Mounting plugin AssetManagerEditor
LogPluginManager: Mounting plugin CryptoKeys
LogPluginManager: Mounting plugin DataValidation
LogPluginManager: Mounting plugin FacialAnimation
LogPluginManager: Mounting plugin GameplayTagsEditor
LogPluginManager: Mounting plugin MacGraphicsSwitching
LogPluginManager: Mounting plugin MeshEditor
LogPluginManager: Mounting plugin MobileLauncherProfileWizard
LogPluginManager: Mounting plugin PluginBrowser
LogPluginManager: Mounting plugin SpeedTreeImporter
LogPluginManager: Mounting plugin DatasmithContent
LogPluginManager: Mounting plugin VariantManagerContent
LogPluginManager: Mounting plugin AlembicImporter
LogPluginManager: Mounting plugin AppleImageUtils
LogPluginManager: Mounting plugin AppleVision
LogPluginManager: Mounting plugin BackChannel
LogPluginManager: Mounting plugin CharacterAI
LogPluginManager: Mounting plugin GeometryCache
LogPluginManager: Mounting plugin HTML5Networking
LogPluginManager: Mounting plugin ProxyLODPlugin
LogPluginManager: Mounting plugin MagicLeap
LogPluginManager: Mounting plugin MagicLeapMedia
LogPluginManager: Mounting plugin AndroidMedia
LogPluginManager: Mounting plugin AvfMedia
LogPluginManager: Mounting plugin ImgMedia
LogPluginManager: Mounting plugin LinearTimecode
LogPluginManager: Mounting plugin MediaCompositing
LogPluginManager: Mounting plugin MediaPlayerEditor
LogPluginManager: Mounting plugin WebMMedia
LogPluginManager: Mounting plugin WmfMedia
LogPluginManager: Mounting plugin TcpMessaging
LogPluginManager: Mounting plugin UdpMessaging
LogPluginManager: Mounting plugin ActorSequence
LogPluginManager: Mounting plugin LevelSequenceEditor
LogPluginManager: Mounting plugin MatineeToLevelSequence
LogPluginManager: Mounting plugin NetcodeUnitTest
LogPluginManager: Mounting plugin NUTUnrealEngine4
LogPluginManager: Mounting plugin OnlineSubsystemGooglePlay
LogPluginManager: Mounting plugin OnlineSubsystemIOS
LogPluginManager: Mounting plugin OnlineSubsystem
LogPluginManager: Mounting plugin OnlineSubsystemNull
LogPluginManager: Mounting plugin OnlineSubsystemUtils
LogPluginManager: Mounting plugin LauncherChunkInstaller
LogPluginManager: Mounting plugin AndroidDeviceProfileSelector
LogPluginManager: Mounting plugin AndroidMoviePlayer
LogPluginManager: Mounting plugin AndroidPermission
LogPluginManager: Mounting plugin AppleMoviePlayer
LogPluginManager: Mounting plugin ArchVisCharacter
LogPluginManager: Mounting plugin AudioCapture
LogPluginManager: Mounting plugin CableComponent
LogPluginManager: Mounting plugin CustomMeshComponent
LogPluginManager: Mounting plugin EditableMesh
LogPluginManager: Mounting plugin ExampleDeviceProfileSelector
LogPluginManager: Mounting plugin Firebase
LogPluginManager: Mounting plugin GoogleCloudMessaging
LogPluginManager: Mounting plugin IOSDeviceProfileSelector
LogPluginManager: Mounting plugin LinuxDeviceProfileSelector
LogPluginManager: Mounting plugin LocationServicesBPLibrary
LogPluginManager: Mounting plugin MobilePatchingUtils
LogPluginManager: Mounting plugin OculusVR
LogPluginManager: Mounting plugin PhysXVehicles
LogPluginManager: Mounting plugin ProceduralMeshComponent
LogPluginManager: Mounting plugin RuntimePhysXCooking
LogPluginManager: Mounting plugin SteamVR
LogPluginManager: Mounting plugin WebMMoviePlayer
LogPluginManager: Mounting plugin WindowsMoviePlayer
LogStreaming: Display: Took  0.089s to configure plugins.
LogInit: Using libcurl 7.55.1-DEV
LogInit:  - built for x86_64-pc-win32
LogInit:  - supports SSL with OpenSSL/1.0.2h
LogInit:  - supports HTTP deflate (compression) using libz 1.2.8
LogInit:  - other features:
LogInit:      CURL_VERSION_SSL
LogInit:      CURL_VERSION_LIBZ
LogInit:      CURL_VERSION_IPV6
LogInit:      CURL_VERSION_ASYNCHDNS
LogInit:      CURL_VERSION_LARGEFILE
LogInit:      CURL_VERSION_IDN
LogInit:  CurlRequestOptions (configurable via config and command line):
LogInit:  - bVerifyPeer = true  - Libcurl will verify peer certificate
LogInit:  - bUseHttpProxy = false  - Libcurl will NOT use HTTP proxy
LogInit:  - bDontReuseConnections = false  - Libcurl will reuse connections
LogInit:  - MaxHostConnections = 16  - Libcurl will limit the number of connections to a host
LogInit:  - LocalHostAddr = Default
LogInit:  - BufferSize = 65536
LogInit: WinSock: version 1.1 (2.2), MaxSocks=32767, MaxUdp=65467
LogInit: Build: ++UE4+Release-4.21-CL-4541578
LogInit: Engine Version: 4.21.0-4541578+++UE4+Release-4.21
LogInit: Compatible Engine Version: 4.21.0-4541578+++UE4+Release-4.21
LogInit: Net CL: 4541578
LogInit: OS: Windows 10 (), CPU: Intel(R) Core(TM) i7-4790K CPU @ 4.00GHz, GPU: NVIDIA GeForce GTX 970
LogInit: Compiled (64-bit): Nov  6 2018 02:04:24
LogInit: Compiled with Visual C++: 19.13.26129.00
LogInit: Build Configuration: Development
LogInit: Branch Name: ++UE4+Release-4.21
LogInit: Command Line: 
LogInit: Base Directory: E:/Epic Games/UE_4.21/Engine/Binaries/Win64/
LogInit: Installed Engine Build: 1
LogDevObjectVersion: Number of dev versions registered: 22
LogDevObjectVersion:   Dev-Blueprints (B0D832E4-1F89-4F0D-ACCF-7EB736FD4AA2): 10
LogDevObjectVersion:   Dev-Build (E1C64328-A22C-4D53-A36C-8E866417BD8C): 0
LogDevObjectVersion:   Dev-Core (375EC13C-06E4-48FB-B500-84F0262A717E): 2
LogDevObjectVersion:   Dev-Editor (E4B068ED-F494-42E9-A231-DA0B2E46BB41): 26
LogDevObjectVersion:   Dev-Framework (CFFC743F-43B0-4480-9391-14DF171D2073): 34
LogDevObjectVersion:   Dev-Mobile (B02B49B5-BB20-44E9-A304-32B752E40360): 2
LogDevObjectVersion:   Dev-Networking (A4E4105C-59A1-49B5-A7C5-40C4547EDFEE): 0
LogDevObjectVersion:   Dev-Online (39C831C9-5AE6-47DC-9A44-9C173E1C8E7C): 0
LogDevObjectVersion:   Dev-Physics (78F01B33-EBEA-4F98-B9B4-84EACCB95AA2): 0
LogDevObjectVersion:   Dev-Platform (6631380F-2D4D-43E0-8009-CF276956A95A): 0
LogDevObjectVersion:   Dev-Rendering (12F88B9F-8875-4AFC-A67C-D90C383ABD29): 27
LogDevObjectVersion:   Dev-Sequencer (7B5AE74C-D270-4C10-A958-57980B212A5A): 9
LogDevObjectVersion:   Dev-VR (D7296918-1DD6-4BDD-9DE2-64A83CC13884): 2
LogDevObjectVersion:   Dev-LoadTimes (C2A15278-BFE7-4AFE-6C17-90FF531DF755): 1
LogDevObjectVersion:   Private-Geometry (6EACA3D4-40EC-4CC1-B786-8BED09428FC5): 3
LogDevObjectVersion:   Dev-AnimPhys (29E575DD-E0A3-4627-9D10-D276232CDCEA): 17
LogDevObjectVersion:   Dev-Anim (AF43A65D-7FD3-4947-9873-3E8ED9C1BB05): 2
LogDevObjectVersion:   Dev-ReflectionCapture (6B266CEC-1EC7-4B8F-A30B-E4D90942FC07): 1
LogDevObjectVersion:   Dev-Automation (0DF73D61-A23F-47EA-B727-89E90C41499A): 1
LogDevObjectVersion:   FortniteMain (601D1886-AC64-4F84-AA16-D3DE0DEAC7D6): 17
LogDevObjectVersion:   Dev-Enterprise (9DFFBCD6-494F-0158-E221-12823C92A888): 4
LogDevObjectVersion:   Dev-Niagara (F2AED0AC-9AFE-416F-8664-AA7FFA26D6FC): 1
LogStreaming: Display: Took  0.003s to delete old logs.
LogInit: Presizing for max 8388607 objects, including 0 objects not considered by GC, pre-allocating 0 bytes for permanent pool.
LogInit: Object subsystem initialized
LogConfig: Setting CVar [[con.DebugEarlyDefault:1]]
LogConfig: Setting CVar [[r.setres:1280x720]]
[2018.12.16-03.47.23:447][  0]LogConfig: Setting CVar [[r.VSync:0]]
[2018.12.16-03.47.23:447][  0]LogConfig: Setting CVar [[r.RHICmdBypass:0]]
[2018.12.16-03.47.23:447][  0]LogConfig: Applying CVar settings from Section [/Script/Engine.RendererSettings] File [C:/Users/Alexis/Desktop/EndlessRunner/Saved/Config/Windows/Engine.ini]
[2018.12.16-03.47.23:447][  0]LogConfig: Setting CVar [[r.GPUCrashDebugging:0]]
[2018.12.16-03.47.23:447][  0]LogConfig: Applying CVar settings from Section [/Script/Engine.RendererOverrideSettings] File [C:/Users/Alexis/Desktop/EndlessRunner/Saved/Config/Windows/Engine.ini]
[2018.12.16-03.47.23:447][  0]LogConfig: Applying CVar settings from Section [/Script/Engine.StreamingSettings] File [C:/Users/Alexis/Desktop/EndlessRunner/Saved/Config/Windows/Engine.ini]
[2018.12.16-03.47.23:447][  0]LogConfig: Setting CVar [[s.MinBulkDataSizeForAsyncLoading:131072]]
[2018.12.16-03.47.23:447][  0]LogConfig: Setting CVar [[s.AsyncLoadingThreadEnabled:0]]
[2018.12.16-03.47.23:447][  0]LogConfig: Setting CVar [[s.EventDrivenLoaderEnabled:1]]
[2018.12.16-03.47.23:447][  0]LogConfig: Setting CVar [[s.WarnIfTimeLimitExceeded:0]]
[2018.12.16-03.47.23:447][  0]LogConfig: Setting CVar [[s.TimeLimitExceededMultiplier:1.5]]
[2018.12.16-03.47.23:447][  0]LogConfig: Setting CVar [[s.TimeLimitExceededMinTime:0.005]]
[2018.12.16-03.47.23:447][  0]LogConfig: Setting CVar [[s.UseBackgroundLevelStreaming:1]]
[2018.12.16-03.47.23:447][  0]LogConfig: Setting CVar [[s.PriorityAsyncLoadingExtraTime:15.0]]
[2018.12.16-03.47.23:447][  0]LogConfig: Setting CVar [[s.LevelStreamingActorsUpdateTimeLimit:5.0]]
[2018.12.16-03.47.23:447][  0]LogConfig: Setting CVar [[s.PriorityLevelStreamingActorsUpdateExtraTime:5.0]]
[2018.12.16-03.47.23:447][  0]LogConfig: Setting CVar [[s.LevelStreamingComponentsRegistrationGranularity:10]]
[2018.12.16-03.47.23:447][  0]LogConfig: Setting CVar [[s.UnregisterComponentsTimeLimit:1.0]]
[2018.12.16-03.47.23:447][  0]LogConfig: Setting CVar [[s.LevelStreamingComponentsUnregistrationGranularity:5]]
[2018.12.16-03.47.23:447][  0]LogConfig: Applying CVar settings from Section [/Script/Engine.GarbageCollectionSettings] File [C:/Users/Alexis/Desktop/EndlessRunner/Saved/Config/Windows/Engine.ini]
[2018.12.16-03.47.23:447][  0]LogConfig: Setting CVar [[gc.MaxObjectsNotConsideredByGC:1]]
[2018.12.16-03.47.23:447][  0]LogConfig: Setting CVar [[gc.SizeOfPermanentObjectPool:0]]
[2018.12.16-03.47.23:447][  0]LogConfig: Setting CVar [[gc.FlushStreamingOnGC:0]]
[2018.12.16-03.47.23:447][  0]LogConfig: Setting CVar [[gc.NumRetriesBeforeForcingGC:10]]
[2018.12.16-03.47.23:447][  0]LogConfig: Setting CVar [[gc.AllowParallelGC:1]]
[2018.12.16-03.47.23:447][  0]LogConfig: Setting CVar [[gc.TimeBetweenPurgingPendingKillObjects:61.1]]
[2018.12.16-03.47.23:447][  0]LogConfig: Setting CVar [[gc.MaxObjectsInEditor:8388607]]
[2018.12.16-03.47.23:448][  0]LogConfig: Setting CVar [[gc.IncrementalBeginDestroyEnabled:1]]
[2018.12.16-03.47.23:448][  0]LogConfig: Setting CVar [[gc.CreateGCClusters:1]]
[2018.12.16-03.47.23:448][  0]LogConfig: Setting CVar [[gc.MergeGCClusters:0]]
[2018.12.16-03.47.23:448][  0]LogConfig: Setting CVar [[gc.MinGCClusterSize:5]]
[2018.12.16-03.47.23:448][  0]LogConfig: Setting CVar [[gc.ActorClusteringEnabled:0]]
[2018.12.16-03.47.23:448][  0]LogConfig: Setting CVar [[gc.BlueprintClusteringEnabled:0]]
[2018.12.16-03.47.23:448][  0]LogConfig: Setting CVar [[gc.UseDisregardForGCOnDedicatedServers:0]]
[2018.12.16-03.47.23:448][  0]LogConfig: Applying CVar settings from Section [/Script/Engine.NetworkSettings] File [C:/Users/Alexis/Desktop/EndlessRunner/Saved/Config/Windows/Engine.ini]
[2018.12.16-03.47.23:448][  0]LogConfig: Applying CVar settings from Section [/Script/UnrealEd.CookerSettings] File [C:/Users/Alexis/Desktop/EndlessRunner/Saved/Config/Windows/Engine.ini]
[2018.12.16-03.47.23:450][  0]LogConfig: Applying CVar settings from Section [ViewDistanceQuality@3] File [C:/Users/Alexis/Desktop/EndlessRunner/Saved/Config/Windows/Scalability.ini]
[2018.12.16-03.47.23:450][  0]LogConfig: Setting CVar [[r.SkeletalMeshLODBias:0]]
[2018.12.16-03.47.23:450][  0]LogConfig: Setting CVar [[r.ViewDistanceScale:1.0]]
[2018.12.16-03.47.23:450][  0]LogConfig: Applying CVar settings from Section [AntiAliasingQuality@3] File [C:/Users/Alexis/Desktop/EndlessRunner/Saved/Config/Windows/Scalability.ini]
[2018.12.16-03.47.23:450][  0]LogConfig: Setting CVar [[r.PostProcessAAQuality:4]]
[2018.12.16-03.47.23:450][  0]LogConfig: Applying CVar settings from Section [ShadowQuality@3] File [C:/Users/Alexis/Desktop/EndlessRunner/Saved/Config/Windows/Scalability.ini]
[2018.12.16-03.47.23:450][  0]LogConfig: Setting CVar [[r.LightFunctionQuality:1]]
[2018.12.16-03.47.23:450][  0]LogConfig: Setting CVar [[r.ShadowQuality:5]]
[2018.12.16-03.47.23:450][  0]LogConfig: Setting CVar [[r.Shadow.CSM.MaxCascades:10]]
[2018.12.16-03.47.23:450][  0]LogConfig: Setting CVar [[r.Shadow.MaxResolution:2048]]
[2018.12.16-03.47.23:450][  0]LogConfig: Setting CVar [[r.Shadow.MaxCSMResolution:2048]]
[2018.12.16-03.47.23:450][  0]LogConfig: Setting CVar [[r.Shadow.RadiusThreshold:0.01]]
[2018.12.16-03.47.23:450][  0]LogConfig: Setting CVar [[r.Shadow.DistanceScale:1.0]]
[2018.12.16-03.47.23:450][  0]LogConfig: Setting CVar [[r.Shadow.CSM.TransitionScale:1.0]]
[2018.12.16-03.47.23:450][  0]LogConfig: Setting CVar [[r.Shadow.PreShadowResolutionFactor:1.0]]
[2018.12.16-03.47.23:450][  0]LogConfig: Setting CVar [[r.DistanceFieldShadowing:1]]
[2018.12.16-03.47.23:450][  0]LogConfig: Setting CVar [[r.DistanceFieldAO:1]]
[2018.12.16-03.47.23:450][  0]LogConfig: Setting CVar [[r.AOQuality:2]]
[2018.12.16-03.47.23:450][  0]LogConfig: Setting CVar [[r.VolumetricFog:1]]
[2018.12.16-03.47.23:450][  0]LogConfig: Setting CVar [[r.VolumetricFog.GridPixelSize:8]]
[2018.12.16-03.47.23:450][  0]LogConfig: Setting CVar [[r.VolumetricFog.GridSizeZ:128]]
[2018.12.16-03.47.23:450][  0]LogConfig: Setting CVar [[r.VolumetricFog.HistoryMissSupersampleCount:4]]
[2018.12.16-03.47.23:450][  0]LogConfig: Setting CVar [[r.LightMaxDrawDistanceScale:1]]
[2018.12.16-03.47.23:450][  0]LogConfig: Setting CVar [[r.CapsuleShadows:1]]
[2018.12.16-03.47.23:450][  0]LogConfig: Applying CVar settings from Section [PostProcessQuality@3] File [C:/Users/Alexis/Desktop/EndlessRunner/Saved/Config/Windows/Scalability.ini]
[2018.12.16-03.47.23:450][  0]LogConfig: Setting CVar [[r.MotionBlurQuality:4]]
[2018.12.16-03.47.23:450][  0]LogConfig: Setting CVar [[r.AmbientOcclusionMipLevelFactor:0.4]]
[2018.12.16-03.47.23:450][  0]LogConfig: Setting CVar [[r.AmbientOcclusionMaxQuality:100]]
[2018.12.16-03.47.23:450][  0]LogConfig: Setting CVar [[r.AmbientOcclusionLevels:-1]]
[2018.12.16-03.47.23:450][  0]LogConfig: Setting CVar [[r.AmbientOcclusionRadiusScale:1.0]]
[2018.12.16-03.47.23:450][  0]LogConfig: Setting CVar [[r.DepthOfFieldQuality:2]]
[2018.12.16-03.47.23:450][  0]LogConfig: Setting CVar [[r.RenderTargetPoolMin:400]]
[2018.12.16-03.47.23:450][  0]LogConfig: Setting CVar [[r.LensFlareQuality:2]]
[2018.12.16-03.47.23:450][  0]LogConfig: Setting CVar [[r.SceneColorFringeQuality:1]]
[2018.12.16-03.47.23:450][  0]LogConfig: Setting CVar [[r.EyeAdaptationQuality:2]]
[2018.12.16-03.47.23:450][  0]LogConfig: Setting CVar [[r.BloomQuality:5]]
[2018.12.16-03.47.23:450][  0]LogConfig: Setting CVar [[r.FastBlurThreshold:100]]
[2018.12.16-03.47.23:450][  0]LogConfig: Setting CVar [[r.Upscale.Quality:3]]
[2018.12.16-03.47.23:450][  0]LogConfig: Setting CVar [[r.Tonemapper.GrainQuantization:1]]
[2018.12.16-03.47.23:450][  0]LogConfig: Setting CVar [[r.LightShaftQuality:1]]
[2018.12.16-03.47.23:450][  0]LogConfig: Setting CVar [[r.Filter.SizeScale:1]]
[2018.12.16-03.47.23:450][  0]LogConfig: Setting CVar [[r.Tonemapper.Quality:5]]
[2018.12.16-03.47.23:450][  0]LogConfig: Setting CVar [[r.DOF.Gather.AccumulatorQuality:1        ; higher gathering accumulator quality]]
[2018.12.16-03.47.23:450][  0]LogConfig: Setting CVar [[r.DOF.Gather.PostfilterMethod:1          ; Median3x3 postfilering method]]
[2018.12.16-03.47.23:450][  0]LogConfig: Setting CVar [[r.DOF.Gather.EnableBokehSettings:0       ; no bokeh simulation when gathering]]
[2018.12.16-03.47.23:450][  0]LogConfig: Setting CVar [[r.DOF.Gather.RingCount:4                 ; medium number of samples when gathering]]
[2018.12.16-03.47.23:450][  0]LogConfig: Setting CVar [[r.DOF.Scatter.ForegroundCompositing:1    ; additive foreground scattering]]
[2018.12.16-03.47.23:450][  0]LogConfig: Setting CVar [[r.DOF.Scatter.BackgroundCompositing:2    ; additive background scattering]]
[2018.12.16-03.47.23:450][  0]LogConfig: Setting CVar [[r.DOF.Scatter.EnableBokehSettings:1      ; bokeh simulation when scattering]]
[2018.12.16-03.47.23:450][  0]LogConfig: Setting CVar [[r.DOF.Scatter.MaxSpriteRatio:0.1         ; only a maximum of 10% of scattered bokeh]]
[2018.12.16-03.47.23:450][  0]LogConfig: Setting CVar [[r.DOF.Recombine.Quality:1                ; cheap slight out of focus]]
[2018.12.16-03.47.23:450][  0]LogConfig: Setting CVar [[r.DOF.Recombine.EnableBokehSettings:0    ; no bokeh simulation on slight out of focus]]
[2018.12.16-03.47.23:450][  0]LogConfig: Setting CVar [[r.DOF.TemporalAAQuality:1                ; more stable temporal accumulation]]
[2018.12.16-03.47.23:450][  0]LogConfig: Setting CVar [[r.DOF.Kernel.MaxForegroundRadius:0.025]]
[2018.12.16-03.47.23:450][  0]LogConfig: Setting CVar [[r.DOF.Kernel.MaxBackgroundRadius:0.025]]
[2018.12.16-03.47.23:450][  0]LogConfig: Applying CVar settings from Section [TextureQuality@3] File [C:/Users/Alexis/Desktop/EndlessRunner/Saved/Config/Windows/Scalability.ini]
[2018.12.16-03.47.23:450][  0]LogConfig: Setting CVar [[r.Streaming.MipBias:0]]
[2018.12.16-03.47.23:450][  0]LogConfig: Setting CVar [[r.Streaming.AmortizeCPUToGPUCopy:0]]
[2018.12.16-03.47.23:450][  0]LogConfig: Setting CVar [[r.Streaming.MaxNumTexturesToStreamPerFrame:0]]
[2018.12.16-03.47.23:450][  0]LogConfig: Setting CVar [[r.Streaming.Boost:1]]
[2018.12.16-03.47.23:450][  0]LogConfig: Setting CVar [[r.MaxAnisotropy:8]]
[2018.12.16-03.47.23:450][  0]LogConfig: Setting CVar [[r.Streaming.LimitPoolSizeToVRAM:0]]
[2018.12.16-03.47.23:450][  0]LogConfig: Setting CVar [[r.Streaming.PoolSize:1000]]
[2018.12.16-03.47.23:450][  0]LogConfig: Setting CVar [[r.Streaming.MaxEffectiveScreenSize:0]]
[2018.12.16-03.47.23:450][  0]LogConfig: Applying CVar settings from Section [EffectsQuality@3] File [C:/Users/Alexis/Desktop/EndlessRunner/Saved/Config/Windows/Scalability.ini]
[2018.12.16-03.47.23:450][  0]LogConfig: Setting CVar [[r.TranslucencyLightingVolumeDim:64]]
[2018.12.16-03.47.23:450][  0]LogConfig: Setting CVar [[r.RefractionQuality:2]]
[2018.12.16-03.47.23:450][  0]LogConfig: Setting CVar [[r.SSR.Quality:3]]
[2018.12.16-03.47.23:450][  0]LogConfig: Setting CVar [[r.SceneColorFormat:4]]
[2018.12.16-03.47.23:450][  0]LogConfig: Setting CVar [[r.DetailMode:2]]
[2018.12.16-03.47.23:450][  0]LogConfig: Setting CVar [[r.TranslucencyVolumeBlur:1]]
[2018.12.16-03.47.23:450][  0]LogConfig: Setting CVar [[r.MaterialQualityLevel:1 ; High quality]]
[2018.12.16-03.47.23:450][  0]LogConfig: Setting CVar [[r.SSS.Scale:1]]
[2018.12.16-03.47.23:451][  0]LogConfig: Setting CVar [[r.SSS.SampleSet:2]]
[2018.12.16-03.47.23:451][  0]LogConfig: Setting CVar [[r.SSS.Quality:1]]
[2018.12.16-03.47.23:451][  0]LogConfig: Setting CVar [[r.SSS.HalfRes:1]]
[2018.12.16-03.47.23:451][  0]LogConfig: Setting CVar [[r.EmitterSpawnRateScale:1.0]]
[2018.12.16-03.47.23:451][  0]LogConfig: Setting CVar [[r.ParticleLightQuality:2]]
[2018.12.16-03.47.23:451][  0]LogConfig: Applying CVar settings from Section [FoliageQuality@3] File [C:/Users/Alexis/Desktop/EndlessRunner/Saved/Config/Windows/Scalability.ini]
[2018.12.16-03.47.23:451][  0]LogConfig: Setting CVar [[foliage.DensityScale:1.0]]
[2018.12.16-03.47.23:451][  0]LogConfig: Setting CVar [[grass.DensityScale:1.0]]
[2018.12.16-03.47.23:451][  0]LogInit: Selected Device Profile: [Windows]
[2018.12.16-03.47.23:451][  0]LogInit: Applying CVar settings loaded from the selected device profile: [Windows]
[2018.12.16-03.47.23:461][  0]LogHAL: Display: Platform has ~ 16 GB [17119911936 / 17179869184 / 16], which maps to Larger [LargestMinGB=32, LargerMinGB=12, DefaultMinGB=8, SmallerMinGB=6, SmallestMinGB=0)
[2018.12.16-03.47.23:461][  0]LogConfig: Setting CVar [[r.Vulkan.UseRealUBs:1]]
[2018.12.16-03.47.23:461][  0]LogInit: Going up to parent DeviceProfile []
[2018.12.16-03.47.23:461][  0]LogConfig: Applying CVar settings from Section [ViewDistanceQuality@3] File [C:/Users/Alexis/Desktop/EndlessRunner/Saved/Config/Windows/Scalability.ini]
[2018.12.16-03.47.23:461][  0]LogConfig: Setting CVar [[r.SkeletalMeshLODBias:0]]
[2018.12.16-03.47.23:461][  0]LogConfig: Setting CVar [[r.ViewDistanceScale:1.0]]
[2018.12.16-03.47.23:461][  0]LogConfig: Applying CVar settings from Section [AntiAliasingQuality@3] File [C:/Users/Alexis/Desktop/EndlessRunner/Saved/Config/Windows/Scalability.ini]
[2018.12.16-03.47.23:461][  0]LogConfig: Setting CVar [[r.PostProcessAAQuality:4]]
[2018.12.16-03.47.23:461][  0]LogConfig: Applying CVar settings from Section [ShadowQuality@3] File [C:/Users/Alexis/Desktop/EndlessRunner/Saved/Config/Windows/Scalability.ini]
[2018.12.16-03.47.23:461][  0]LogConfig: Setting CVar [[r.LightFunctionQuality:1]]
[2018.12.16-03.47.23:461][  0]LogConfig: Setting CVar [[r.ShadowQuality:5]]
[2018.12.16-03.47.23:461][  0]LogConfig: Setting CVar [[r.Shadow.CSM.MaxCascades:10]]
[2018.12.16-03.47.23:461][  0]LogConfig: Setting CVar [[r.Shadow.MaxResolution:2048]]
[2018.12.16-03.47.23:461][  0]LogConfig: Setting CVar [[r.Shadow.MaxCSMResolution:2048]]
[2018.12.16-03.47.23:461][  0]LogConfig: Setting CVar [[r.Shadow.RadiusThreshold:0.01]]
[2018.12.16-03.47.23:461][  0]LogConfig: Setting CVar [[r.Shadow.DistanceScale:1.0]]
[2018.12.16-03.47.23:461][  0]LogConfig: Setting CVar [[r.Shadow.CSM.TransitionScale:1.0]]
[2018.12.16-03.47.23:461][  0]LogConfig: Setting CVar [[r.Shadow.PreShadowResolutionFactor:1.0]]
[2018.12.16-03.47.23:461][  0]LogConfig: Setting CVar [[r.DistanceFieldShadowing:1]]
[2018.12.16-03.47.23:461][  0]LogConfig: Setting CVar [[r.DistanceFieldAO:1]]
[2018.12.16-03.47.23:461][  0]LogConfig: Setting CVar [[r.AOQuality:2]]
[2018.12.16-03.47.23:461][  0]LogConfig: Setting CVar [[r.VolumetricFog:1]]
[2018.12.16-03.47.23:461][  0]LogConfig: Setting CVar [[r.VolumetricFog.GridPixelSize:8]]
[2018.12.16-03.47.23:461][  0]LogConfig: Setting CVar [[r.VolumetricFog.GridSizeZ:128]]
[2018.12.16-03.47.23:461][  0]LogConfig: Setting CVar [[r.VolumetricFog.HistoryMissSupersampleCount:4]]
[2018.12.16-03.47.23:461][  0]LogConfig: Setting CVar [[r.LightMaxDrawDistanceScale:1]]
[2018.12.16-03.47.23:461][  0]LogConfig: Setting CVar [[r.CapsuleShadows:1]]
[2018.12.16-03.47.23:461][  0]LogConfig: Applying CVar settings from Section [PostProcessQuality@3] File [C:/Users/Alexis/Desktop/EndlessRunner/Saved/Config/Windows/Scalability.ini]
[2018.12.16-03.47.23:461][  0]LogConfig: Setting CVar [[r.MotionBlurQuality:4]]
[2018.12.16-03.47.23:461][  0]LogConfig: Setting CVar [[r.AmbientOcclusionMipLevelFactor:0.4]]
[2018.12.16-03.47.23:461][  0]LogConfig: Setting CVar [[r.AmbientOcclusionMaxQuality:100]]
[2018.12.16-03.47.23:461][  0]LogConfig: Setting CVar [[r.AmbientOcclusionLevels:-1]]
[2018.12.16-03.47.23:461][  0]LogConfig: Setting CVar [[r.AmbientOcclusionRadiusScale:1.0]]
[2018.12.16-03.47.23:461][  0]LogConfig: Setting CVar [[r.DepthOfFieldQuality:2]]
[2018.12.16-03.47.23:461][  0]LogConfig: Setting CVar [[r.RenderTargetPoolMin:400]]
[2018.12.16-03.47.23:461][  0]LogConfig: Setting CVar [[r.LensFlareQuality:2]]
[2018.12.16-03.47.23:461][  0]LogConfig: Setting CVar [[r.SceneColorFringeQuality:1]]
[2018.12.16-03.47.23:461][  0]LogConfig: Setting CVar [[r.EyeAdaptationQuality:2]]
[2018.12.16-03.47.23:461][  0]LogConfig: Setting CVar [[r.BloomQuality:5]]
[2018.12.16-03.47.23:461][  0]LogConfig: Setting CVar [[r.FastBlurThreshold:100]]
[2018.12.16-03.47.23:461][  0]LogConfig: Setting CVar [[r.Upscale.Quality:3]]
[2018.12.16-03.47.23:461][  0]LogConfig: Setting CVar [[r.Tonemapper.GrainQuantization:1]]
[2018.12.16-03.47.23:461][  0]LogConfig: Setting CVar [[r.LightShaftQuality:1]]
[2018.12.16-03.47.23:461][  0]LogConfig: Setting CVar [[r.Filter.SizeScale:1]]
[2018.12.16-03.47.23:461][  0]LogConfig: Setting CVar [[r.Tonemapper.Quality:5]]
[2018.12.16-03.47.23:461][  0]LogConfig: Setting CVar [[r.DOF.Gather.AccumulatorQuality:1        ; higher gathering accumulator quality]]
[2018.12.16-03.47.23:461][  0]LogConfig: Setting CVar [[r.DOF.Gather.PostfilterMethod:1          ; Median3x3 postfilering method]]
[2018.12.16-03.47.23:461][  0]LogConfig: Setting CVar [[r.DOF.Gather.EnableBokehSettings:0       ; no bokeh simulation when gathering]]
[2018.12.16-03.47.23:461][  0]LogConfig: Setting CVar [[r.DOF.Gather.RingCount:4                 ; medium number of samples when gathering]]
[2018.12.16-03.47.23:461][  0]LogConfig: Setting CVar [[r.DOF.Scatter.ForegroundCompositing:1    ; additive foreground scattering]]
[2018.12.16-03.47.23:461][  0]LogConfig: Setting CVar [[r.DOF.Scatter.BackgroundCompositing:2    ; additive background scattering]]
[2018.12.16-03.47.23:461][  0]LogConfig: Setting CVar [[r.DOF.Scatter.EnableBokehSettings:1      ; bokeh simulation when scattering]]
[2018.12.16-03.47.23:461][  0]LogConfig: Setting CVar [[r.DOF.Scatter.MaxSpriteRatio:0.1         ; only a maximum of 10% of scattered bokeh]]
[2018.12.16-03.47.23:461][  0]LogConfig: Setting CVar [[r.DOF.Recombine.Quality:1                ; cheap slight out of focus]]
[2018.12.16-03.47.23:461][  0]LogConfig: Setting CVar [[r.DOF.Recombine.EnableBokehSettings:0    ; no bokeh simulation on slight out of focus]]
[2018.12.16-03.47.23:461][  0]LogConfig: Setting CVar [[r.DOF.TemporalAAQuality:1                ; more stable temporal accumulation]]
[2018.12.16-03.47.23:461][  0]LogConfig: Setting CVar [[r.DOF.Kernel.MaxForegroundRadius:0.025]]
[2018.12.16-03.47.23:461][  0]LogConfig: Setting CVar [[r.DOF.Kernel.MaxBackgroundRadius:0.025]]
[2018.12.16-03.47.23:461][  0]LogConfig: Applying CVar settings from Section [TextureQuality@3] File [C:/Users/Alexis/Desktop/EndlessRunner/Saved/Config/Windows/Scalability.ini]
[2018.12.16-03.47.23:462][  0]LogConfig: Setting CVar [[r.Streaming.MipBias:0]]
[2018.12.16-03.47.23:462][  0]LogConfig: Setting CVar [[r.Streaming.AmortizeCPUToGPUCopy:0]]
[2018.12.16-03.47.23:462][  0]LogConfig: Setting CVar [[r.Streaming.MaxNumTexturesToStreamPerFrame:0]]
[2018.12.16-03.47.23:462][  0]LogConfig: Setting CVar [[r.Streaming.Boost:1]]
[2018.12.16-03.47.23:462][  0]LogConfig: Setting CVar [[r.MaxAnisotropy:8]]
[2018.12.16-03.47.23:462][  0]LogConfig: Setting CVar [[r.Streaming.LimitPoolSizeToVRAM:0]]
[2018.12.16-03.47.23:462][  0]LogConfig: Setting CVar [[r.Streaming.PoolSize:1000]]
[2018.12.16-03.47.23:462][  0]LogConfig: Setting CVar [[r.Streaming.MaxEffectiveScreenSize:0]]
[2018.12.16-03.47.23:462][  0]LogConfig: Applying CVar settings from Section [EffectsQuality@3] File [C:/Users/Alexis/Desktop/EndlessRunner/Saved/Config/Windows/Scalability.ini]
[2018.12.16-03.47.23:462][  0]LogConfig: Setting CVar [[r.TranslucencyLightingVolumeDim:64]]
[2018.12.16-03.47.23:462][  0]LogConfig: Setting CVar [[r.RefractionQuality:2]]
[2018.12.16-03.47.23:462][  0]LogConfig: Setting CVar [[r.SSR.Quality:3]]
[2018.12.16-03.47.23:462][  0]LogConfig: Setting CVar [[r.SceneColorFormat:4]]
[2018.12.16-03.47.23:462][  0]LogConfig: Setting CVar [[r.DetailMode:2]]
[2018.12.16-03.47.23:462][  0]LogConfig: Setting CVar [[r.TranslucencyVolumeBlur:1]]
[2018.12.16-03.47.23:462][  0]LogConfig: Setting CVar [[r.MaterialQualityLevel:1 ; High quality]]
[2018.12.16-03.47.23:462][  0]LogConfig: Setting CVar [[r.SSS.Scale:1]]
[2018.12.16-03.47.23:462][  0]LogConfig: Setting CVar [[r.SSS.SampleSet:2]]
[2018.12.16-03.47.23:462][  0]LogConfig: Setting CVar [[r.SSS.Quality:1]]
[2018.12.16-03.47.23:462][  0]LogConfig: Setting CVar [[r.SSS.HalfRes:1]]
[2018.12.16-03.47.23:462][  0]LogConfig: Setting CVar [[r.EmitterSpawnRateScale:1.0]]
[2018.12.16-03.47.23:462][  0]LogConfig: Setting CVar [[r.ParticleLightQuality:2]]
[2018.12.16-03.47.23:462][  0]LogConfig: Applying CVar settings from Section [FoliageQuality@3] File [C:/Users/Alexis/Desktop/EndlessRunner/Saved/Config/Windows/Scalability.ini]
[2018.12.16-03.47.23:462][  0]LogConfig: Setting CVar [[foliage.DensityScale:1.0]]
[2018.12.16-03.47.23:462][  0]LogConfig: Setting CVar [[grass.DensityScale:1.0]]
[2018.12.16-03.47.23:462][  0]LogConfig: Applying CVar settings from Section [Startup] File [../../../Engine/Config/ConsoleVariables.ini]
[2018.12.16-03.47.23:462][  0]LogConfig: Setting CVar [[net.UseAdaptiveNetUpdateFrequency:0]]
[2018.12.16-03.47.23:462][  0]LogConfig: Applying CVar settings from Section [ConsoleVariables] File [C:/Users/Alexis/Desktop/EndlessRunner/Saved/Config/Windows/Engine.ini]
[2018.12.16-03.47.23:462][  0]LogInit: Computer: HAUNTEDYOUTH
[2018.12.16-03.47.23:462][  0]LogInit: User: Alexis
[2018.12.16-03.47.23:462][  0]LogInit: CPU Page size=4096, Cores=4
[2018.12.16-03.47.23:462][  0]LogInit: High frequency timer resolution =3.906248 MHz
[2018.12.16-03.47.23:462][  0]LogMemory: Memory total: Physical=15.9GB (16GB approx)
[2018.12.16-03.47.23:462][  0]LogMemory: Platform Memory Stats for Windows
[2018.12.16-03.47.23:462][  0]LogMemory: Process Physical Memory: 102.70 MB used, 102.70 MB peak
[2018.12.16-03.47.23:462][  0]LogMemory: Process Virtual Memory: 93.92 MB used, 93.92 MB peak
[2018.12.16-03.47.23:462][  0]LogMemory: Physical Memory: 4371.70 MB used,  11955.13 MB free, 16326.82 MB total
[2018.12.16-03.47.23:462][  0]LogMemory: Virtual Memory: 4650.61 MB used,  134213080.00 MB free, 134217728.00 MB total
[2018.12.16-03.47.23:489][  0]LogInit: Using OS detected language (en-US).
[2018.12.16-03.47.23:489][  0]LogInit: Using OS detected locale (en-US).
[2018.12.16-03.47.23:490][  0]LogTextLocalizationManager: No specific localization for 'en-US' exists, so the 'en' localization will be used.
[2018.12.16-03.47.23:828][  0]LogStreaming: Display: Took  0.340s to InitEngineTextLocalization.
[2018.12.16-03.47.23:829][  0]LogInit: Setting process to per monitor DPI aware
[2018.12.16-03.47.23:856][  0]LogSlate: New Slate User Created.  User Index 0, Is Virtual User: 0
[2018.12.16-03.47.23:856][  0]LogSlate: Slate User Registered.  User Index 0, Is Virtual User: 0
[2018.12.16-03.47.24:164][  0]LogHMD: Failed to initialize OpenVR with code 110
[2018.12.16-03.47.24:164][  0]LogD3D11RHI: D3D11 adapters:
[2018.12.16-03.47.24:226][  0]LogD3D11RHI:    0. 'NVIDIA GeForce GTX 970' (Feature Level 11_0)
[2018.12.16-03.47.24:226][  0]LogD3D11RHI:       4043/0/8163 MB DedicatedVideo/DedicatedSystem/SharedSystem, Outputs:1, VendorId:0x10de
[2018.12.16-03.47.24:228][  0]LogD3D11RHI:    1. 'Microsoft Basic Render Driver' (Feature Level 11_0)
[2018.12.16-03.47.24:228][  0]LogD3D11RHI:       0/0/8163 MB DedicatedVideo/DedicatedSystem/SharedSystem, Outputs:0, VendorId:0x1414
[2018.12.16-03.47.24:228][  0]LogD3D11RHI: Chosen D3D11 Adapter: 0
[2018.12.16-03.47.24:234][  0]LogD3D11RHI: Creating new Direct3DDevice
[2018.12.16-03.47.24:234][  0]LogD3D11RHI:     GPU DeviceId: 0x13c2 (for the marketing name, search the web for "GPU Device Id")
[2018.12.16-03.47.24:234][  0]LogWindows: EnumDisplayDevices:
[2018.12.16-03.47.24:234][  0]LogWindows:    0. 'NVIDIA GeForce GTX 970' (P:1 D:1)
[2018.12.16-03.47.24:234][  0]LogWindows:    1. 'NVIDIA GeForce GTX 970' (P:0 D:0)
[2018.12.16-03.47.24:235][  0]LogWindows:    2. 'NVIDIA GeForce GTX 970' (P:0 D:0)
[2018.12.16-03.47.24:235][  0]LogWindows:    3. 'NVIDIA GeForce GTX 970' (P:0 D:0)
[2018.12.16-03.47.24:235][  0]LogWindows: DebugString: FoundDriverCount:4 
[2018.12.16-03.47.24:235][  0]LogD3D11RHI:     Adapter Name: NVIDIA GeForce GTX 970
[2018.12.16-03.47.24:235][  0]LogD3D11RHI:   Driver Version: 416.94 (internal:25.21.14.1694, unified:416.94)
[2018.12.16-03.47.24:235][  0]LogD3D11RHI:      Driver Date: 11-12-2018
[2018.12.16-03.47.24:235][  0]LogRHI: Texture pool is 2830 MB (70% of 4043 MB)
[2018.12.16-03.47.24:276][  0]LogD3D11RHI: Async texture creation enabled
[2018.12.16-03.47.24:337][  0]LogD3D11RHI: GPU Timing Frequency: 1000.000000 (Debug: 2 2)
[2018.12.16-03.47.24:624][  0]LogTemp: Display: Loaded TP AllDesktopTargetPlatform
[2018.12.16-03.47.24:634][  0]LogTemp: Display: Loaded TP MacClientTargetPlatform
[2018.12.16-03.47.24:643][  0]LogTemp: Display: Loaded TP MacNoEditorTargetPlatform
[2018.12.16-03.47.24:653][  0]LogTemp: Display: Loaded TP MacServerTargetPlatform
[2018.12.16-03.47.24:664][  0]LogTemp: Display: Loaded TP MacTargetPlatform
[2018.12.16-03.47.24:674][  0]LogTemp: Display: Loaded TP WindowsClientTargetPlatform
[2018.12.16-03.47.24:684][  0]LogTemp: Display: Loaded TP WindowsNoEditorTargetPlatform
[2018.12.16-03.47.24:693][  0]LogTemp: Display: Loaded TP WindowsServerTargetPlatform
[2018.12.16-03.47.24:698][  0]LogTemp: Display: Loaded TP WindowsTargetPlatform
[2018.12.16-03.47.24:754][  0]LogTemp: Display: Loaded TP AndroidTargetPlatform
[2018.12.16-03.47.24:754][  0]LogTemp: Display: Loaded TP AndroidTargetPlatform
[2018.12.16-03.47.24:754][  0]LogTemp: Display: Loaded TP AndroidTargetPlatform
[2018.12.16-03.47.24:754][  0]LogTemp: Display: Loaded TP AndroidTargetPlatform
[2018.12.16-03.47.24:754][  0]LogTemp: Display: Loaded TP AndroidTargetPlatform
[2018.12.16-03.47.24:754][  0]LogTemp: Display: Loaded TP AndroidTargetPlatform
[2018.12.16-03.47.24:754][  0]LogTemp: Display: Loaded TP AndroidTargetPlatform
[2018.12.16-03.47.24:754][  0]LogTemp: Display: Loaded TP AndroidTargetPlatform
[2018.12.16-03.47.24:754][  0]LogTemp: Display: Loaded TP AndroidTargetPlatform
[2018.12.16-03.47.24:754][  0]LogTemp: Display: Loaded TP AndroidTargetPlatform
[2018.12.16-03.47.24:754][  0]LogTemp: Display: Loaded TP AndroidTargetPlatform
[2018.12.16-03.47.24:754][  0]LogTemp: Display: Loaded TP AndroidTargetPlatform
[2018.12.16-03.47.24:754][  0]LogTemp: Display: Loaded TP AndroidTargetPlatform
[2018.12.16-03.47.24:754][  0]LogTemp: Display: Loaded TP AndroidTargetPlatform
[2018.12.16-03.47.24:754][  0]LogTemp: Display: Loaded TP AndroidTargetPlatform
[2018.12.16-03.47.24:754][  0]LogTemp: Display: Loaded TP AndroidTargetPlatform
[2018.12.16-03.47.24:754][  0]LogTemp: Display: Loaded TP AndroidTargetPlatform
[2018.12.16-03.47.24:754][  0]LogTemp: Display: Loaded TP AndroidTargetPlatform
[2018.12.16-03.47.24:756][  0]LogTemp: Display: Loaded TP HTML5TargetPlatform
[2018.12.16-03.47.24:812][  0]LogTemp: Display: Loaded TP IOSTargetPlatform
[2018.12.16-03.47.24:812][  0]LogTemp: Display: Loaded TP IOSTargetPlatform
[2018.12.16-03.47.24:831][  0]LogTemp: Display: Loaded TP TVOSTargetPlatform
[2018.12.16-03.47.24:831][  0]LogTemp: Display: Loaded TP TVOSTargetPlatform
[2018.12.16-03.47.24:842][  0]LogTemp: Display: Loaded TP LinuxClientTargetPlatform
[2018.12.16-03.47.24:852][  0]LogTemp: Display: Loaded TP LinuxNoEditorTargetPlatform
[2018.12.16-03.47.24:862][  0]LogTemp: Display: Loaded TP LinuxServerTargetPlatform
[2018.12.16-03.47.24:873][  0]LogTemp: Display: Loaded TP LinuxTargetPlatform
[2018.12.16-03.47.24:908][  0]LogTemp: Display: Loaded TP LuminTargetPlatform
[2018.12.16-03.47.24:908][  0]LogTemp: Display: Loaded TP LuminTargetPlatform
[2018.12.16-03.47.24:908][  0]LogTargetPlatformManager: Display: Building Assets For Windows
[2018.12.16-03.47.24:957][  0]LogShaderCompilers: Guid format shader working directory is 9 characters bigger than the processId version (C:/Users/Alexis/Desktop/EndlessRunner/Intermediate/Shaders/WorkingDirectory/14724/).
[2018.12.16-03.47.24:957][  0]LogShaderCompilers: Cleaned the shader compiler working directory 'C:/Users/Alexis/AppData/Local/Temp/UnrealShaderWorkingDir/2598DCAE4D9327215010B1804857EF4F/'.
[2018.12.16-03.47.24:958][  0]LogXGEController: Cleaning working directory: C:/Users/Alexis/AppData/Local/Temp/UnrealXGEWorkingDir/
[2018.12.16-03.47.24:958][  0]LogXGEController: Cannot use XGE Controller as Incredibuild is not installed on this machine.
[2018.12.16-03.47.24:958][  0]LogShaderCompilers: Cannot use XGE Shader Compiler as Incredibuild is not installed on this machine.
[2018.12.16-03.47.24:958][  0]LogShaderCompilers: Display: Using Local Shader Compiler.
[2018.12.16-03.47.25:418][  0]LogDerivedDataCache: Display: Max Cache Size: 512 MB
[2018.12.16-03.47.25:491][  0]LogDerivedDataCache: Loaded boot cache 0.07s 71MB C:/Users/Alexis/AppData/Local/UnrealEngine/4.21/DerivedDataCache/Boot.ddc.
[2018.12.16-03.47.25:491][  0]LogDerivedDataCache: Display: Loaded Boot cache: C:/Users/Alexis/AppData/Local/UnrealEngine/4.21/DerivedDataCache/Boot.ddc
[2018.12.16-03.47.25:491][  0]LogDerivedDataCache: FDerivedDataBackendGraph:  Pak pak cache file C:/Users/Alexis/Desktop/EndlessRunner/DerivedDataCache/DDC.ddp not found, will not use a pak cache.
[2018.12.16-03.47.25:491][  0]LogDerivedDataCache: Unable to find inner node Pak for hierarchical cache Hierarchy.
[2018.12.16-03.47.25:491][  0]LogDerivedDataCache: FDerivedDataBackendGraph:  CompressedPak pak cache file C:/Users/Alexis/Desktop/EndlessRunner/DerivedDataCache/Compressed.ddp not found, will not use a pak cache.
[2018.12.16-03.47.25:491][  0]LogDerivedDataCache: Unable to find inner node CompressedPak for hierarchical cache Hierarchy.
[2018.12.16-03.47.25:502][  0]LogDerivedDataCache: Display: Pak cache opened for reading ../../../Engine/DerivedDataCache/Compressed.ddp.
[2018.12.16-03.47.25:502][  0]LogDerivedDataCache: FDerivedDataBackendGraph:  EnterprisePak pak cache file ../../../Enterprise/DerivedDataCache/Compressed.ddp not found, will not use a pak cache.
[2018.12.16-03.47.25:502][  0]LogDerivedDataCache: Unable to find inner node EnterprisePak for hierarchical cache Hierarchy.
[2018.12.16-03.47.25:514][  0]LogDerivedDataCache: Using Local data cache path C:/Users/Alexis/AppData/Local/UnrealEngine/Common/DerivedDataCache: Writable
[2018.12.16-03.47.25:514][  0]LogDerivedDataCache: Shared data cache path not found in *engine.ini, will not use an Shared cache.
[2018.12.16-03.47.25:514][  0]LogDerivedDataCache: Unable to find inner node Shared for hierarchical cache Hierarchy.
[2018.12.16-03.47.25:533][  0]LogMaterial: Verifying Global Shaders for PCD3D_SM5
[2018.12.16-03.47.25:534][  0]LogSlate: Using FreeType 2.6.0
[2018.12.16-03.47.25:536][  0]LogSlate: SlateFontServices - WITH_FREETYPE: 1, WITH_HARFBUZZ: 1
[2018.12.16-03.47.25:629][  0]LogAssetRegistry: FAssetRegistry took 0.0312 seconds to start up
[2018.12.16-03.47.25:903][  0]LogInit: Selected Device Profile: [Windows]
[2018.12.16-03.47.25:964][  0]LogSimplygon: Simplygon DLL not present - disabling.
[2018.12.16-03.47.25:968][  0]LogMeshReduction: Using SimplygonSwarm for distributed automatic mesh merging
[2018.12.16-03.47.25:968][  0]LogMeshReduction: Using ProxyLODMeshReduction for automatic mesh merging
[2018.12.16-03.47.25:968][  0]LogMeshReduction: Using QuadricMeshReduction for automatic static mesh reduction
[2018.12.16-03.47.25:968][  0]LogMeshReduction: No automatic skeletal mesh reduction module available
[2018.12.16-03.47.26:049][  0]LogNetVersion: EndlessRunner 1.0.0, NetCL: 4541578, EngineNetVer: 5, GameNetVer: 0 (Checksum: 3296526462)
[2018.12.16-03.47.26:512][  0]LogPackageLocalizationCache: Processed 11 localized package path(s) for 2 prioritized culture(s) in 0.074660 seconds
[2018.12.16-03.47.26:522][  0]LogUObjectArray: 39775 objects as part of root set at end of initial load.
[2018.12.16-03.47.26:522][  0]LogUObjectAllocator: 6914656 out of 0 bytes used by permanent object pool.
[2018.12.16-03.47.26:522][  0]LogUObjectArray: CloseDisregardForGC: 0/0 objects in disregard for GC pool
[2018.12.16-03.47.27:431][  0]LogTcpMessaging: Initializing TcpMessaging bridge
[2018.12.16-03.47.27:444][  0]LogUdpMessaging: Initializing bridge on interface 0.0.0.0:0 to multicast group 230.0.0.1:6666.
[2018.12.16-03.47.28:194][  0]SourceControl: Source control is disabled
[2018.12.16-03.47.28:194][  0]SourceControl: Source control is disabled
[2018.12.16-03.47.28:195][  0]SourceControl: Source control is disabled
[2018.12.16-03.47.28:197][  0]SourceControl: Source control is disabled
[2018.12.16-03.47.28:354][  0]LogAndroidPermission: UAndroidPermissionCallbackProxy::GetInstance
[2018.12.16-03.47.28:439][  0]LogOcInput: OculusInput pre-init called
[2018.12.16-03.47.28:566][  0]LogEngine: Initializing Engine...
[2018.12.16-03.47.28:567][  0]LogHMD: Failed to initialize OpenVR with code 110
[2018.12.16-03.47.28:567][  0]LogStats: UGameplayTagsManager::ConstructGameplayTagTree: ImportINI prefixes -  0.000 s
[2018.12.16-03.47.28:568][  0]LogStats: UGameplayTagsManager::ConstructGameplayTagTree: Construct from data asset -  0.000 s
[2018.12.16-03.47.28:568][  0]LogStats: UGameplayTagsManager::ConstructGameplayTagTree: ImportINI -  0.000 s
[2018.12.16-03.47.28:568][  0]LogStats: UGameplayTagsManager::ConstructGameplayTagTree: GameplayTagTreeChangedEvent.Broadcast -  0.000 s
[2018.12.16-03.47.28:783][  0]LogInit: Initializing FReadOnlyCVARCache
[2018.12.16-03.47.28:794][  0]LogAIModule: Creating AISystem for world Untitled
[2018.12.16-03.47.28:817][  0]LogInit: XAudio2 using 'Speakers (Realtek High Definition Audio)' : 2 channels at 48 kHz using 32 bits per sample (channel mask 0x3)
[2018.12.16-03.47.28:861][  0]LogInit: FAudioDevice initialized.
[2018.12.16-03.47.28:861][  0]LogNetVersion: Set ProjectVersion to 1.0.0.0. Version Checksum will be recalculated on next use.
[2018.12.16-03.47.28:943][  0]LogDerivedDataCache: Saved boot cache 0.08s 71MB C:/Users/Alexis/AppData/Local/UnrealEngine/4.21/DerivedDataCache/Boot.ddc.
[2018.12.16-03.47.28:967][  0]LogInit: Texture streaming: Enabled
[2018.12.16-03.47.28:980][  0]LogEngineSessionManager: EngineSessionManager initialized
[2018.12.16-03.47.28:992][  0]LogInit: Transaction tracking system initialized
[2018.12.16-03.47.29:008][  0]BlueprintLog: New page: Editor Load
[2018.12.16-03.47.29:066][  0]LocalizationService: Localization service is disabled
[2018.12.16-03.47.29:465][  0]LogFileCache: Scanning file cache for directory 'C:/Users/Alexis/Desktop/EndlessRunner/Content/' took 0.01s
[2018.12.16-03.47.29:465][  0]LogCook: Display: Max memory allowance for cook 16384mb min free memory 0mb
[2018.12.16-03.47.29:465][  0]LogCook: Display: Mobile HDR setting 1
[2018.12.16-03.47.29:465][  0]LogGameplayTags: Display: UGameplayTagsManager::DoneAddingNativeTags. DelegateIsBound: 0
[2018.12.16-03.47.29:465][  0]LogStats: UGameplayTagsManager::ConstructGameplayTagTree: ImportINI prefixes -  0.000 s
[2018.12.16-03.47.29:465][  0]LogStats: UGameplayTagsManager::ConstructGameplayTagTree: Construct from data asset -  0.000 s
[2018.12.16-03.47.29:465][  0]LogStats: UGameplayTagsManager::ConstructGameplayTagTree: ImportINI -  0.000 s
[2018.12.16-03.47.29:465][  0]LogStats: UGameplayTagsManager::ConstructGameplayTagTree: GameplayTagTreeChangedEvent.Broadcast -  0.000 s
[2018.12.16-03.47.29:577][  0]SourceControl: Source control is disabled
[2018.12.16-03.47.29:577][  0]Cmd: MAP LOAD FILE="C:/Users/Alexis/Desktop/EndlessRunner/Content/ThirdPersonBP/Maps/ThirdPersonExampleMap.umap" TEMPLATE=0 SHOWPROGRESS=1 FEATURELEVEL=3
[2018.12.16-03.47.29:577][  0]LogEditorServer: Warning: Can't find file 'C:/Users/Alexis/Desktop/EndlessRunner/Content/ThirdPersonBP/Maps/ThirdPersonExampleMap.umap'
[2018.12.16-03.47.29:577][  0]Cmd: MAP CHECKDEP NOCLEARLOG
[2018.12.16-03.47.29:577][  0]MapCheck: Map check complete: 0 Error(s), 0 Warning(s), took 0.146ms to complete.
[2018.12.16-03.47.29:577][  0]LogFileHelpers: Loading map 'ThirdPersonExampleMap' took 0.001
[2018.12.16-03.47.29:672][  0]LogSlate: Updating window title bar state: overlay mode, drag disabled, window buttons hidden, title bar hidden
[2018.12.16-03.47.29:678][  0]LogSlate: Updating window title bar state: overlay mode, drag disabled, window buttons hidden, title bar hidden
[2018.12.16-03.47.29:684][  0]LogSlate: Updating window title bar state: overlay mode, drag disabled, window buttons hidden, title bar hidden
[2018.12.16-03.47.29:690][  0]LogSlate: Updating window title bar state: overlay mode, drag disabled, window buttons hidden, title bar hidden
[2018.12.16-03.47.29:695][  0]LogCollectionManager: Loaded 0 collections in 0.001308 seconds
[2018.12.16-03.47.29:721][  0]LogFileCache: Scanning file cache for directory 'C:/Users/Alexis/Desktop/EndlessRunner/Saved/Collections/' took 0.01s
[2018.12.16-03.47.29:721][  0]LogFileCache: Scanning file cache for directory 'C:/Users/Alexis/Desktop/EndlessRunner/Content/Developers/Alexis/Collections/' took 0.00s
[2018.12.16-03.47.29:721][  0]LogFileCache: Scanning file cache for directory 'C:/Users/Alexis/Desktop/EndlessRunner/Content/Collections/' took 0.01s
[2018.12.16-03.47.29:721][  0]LogCollectionManager: Rebuilt the GUID cache for 0 collections in 0.000000 seconds
[2018.12.16-03.47.29:728][  0]LogContentBrowser: Native class hierarchy populated in 0.0068 seconds. Added 2651 classes and 620 folders.
[2018.12.16-03.47.29:734][  0]LogContentBrowser: Native class hierarchy updated for 'WidgetCarousel' in 0.0002 seconds. Added 0 classes and 0 folders.
[2018.12.16-03.47.29:735][  0]LogPakFile: Registered encryption key '00000000000000000000000000000000': 0 pak files mounted, 0 remain pending
[2018.12.16-03.47.29:736][  0]LogPakFile: Registered encryption key '00000000000000000000000000000000': 0 pak files mounted, 0 remain pending
[2018.12.16-03.47.29:737][  0]LogPakFile: Registered encryption key '00000000000000000000000000000000': 0 pak files mounted, 0 remain pending
[2018.12.16-03.47.29:737][  0]LogPakFile: Registered encryption key '00000000000000000000000000000000': 0 pak files mounted, 0 remain pending
[2018.12.16-03.47.29:738][  0]LogPakFile: Registered encryption key '00000000000000000000000000000000': 0 pak files mounted, 0 remain pending
[2018.12.16-03.47.29:738][  0]LogPakFile: Registered encryption key '00000000000000000000000000000000': 0 pak files mounted, 0 remain pending
[2018.12.16-03.47.29:739][  0]LogPakFile: Registered encryption key '00000000000000000000000000000000': 0 pak files mounted, 0 remain pending
[2018.12.16-03.47.29:740][  0]LogPakFile: Registered encryption key '00000000000000000000000000000000': 0 pak files mounted, 0 remain pending
[2018.12.16-03.47.29:740][  0]LogPakFile: Registered encryption key '00000000000000000000000000000000': 0 pak files mounted, 0 remain pending
[2018.12.16-03.47.29:741][  0]LogPakFile: Registered encryption key '00000000000000000000000000000000': 0 pak files mounted, 0 remain pending
[2018.12.16-03.47.29:741][  0]LogPakFile: Registered encryption key '00000000000000000000000000000000': 0 pak files mounted, 0 remain pending
[2018.12.16-03.47.29:742][  0]LogPakFile: Registered encryption key '00000000000000000000000000000000': 0 pak files mounted, 0 remain pending
[2018.12.16-03.47.29:742][  0]LogPakFile: Registered encryption key '00000000000000000000000000000000': 0 pak files mounted, 0 remain pending
[2018.12.16-03.47.29:743][  0]LogPakFile: Registered encryption key '00000000000000000000000000000000': 0 pak files mounted, 0 remain pending
[2018.12.16-03.47.29:744][  0]LogPakFile: Registered encryption key '00000000000000000000000000000000': 0 pak files mounted, 0 remain pending
[2018.12.16-03.47.29:745][  0]LogPakFile: Registered encryption key '00000000000000000000000000000000': 0 pak files mounted, 0 remain pending
[2018.12.16-03.47.29:745][  0]LogPakFile: Registered encryption key '00000000000000000000000000000000': 0 pak files mounted, 0 remain pending
[2018.12.16-03.47.29:746][  0]LogPakFile: Registered encryption key '00000000000000000000000000000000': 0 pak files mounted, 0 remain pending
[2018.12.16-03.47.29:746][  0]LogPakFile: Registered encryption key '00000000000000000000000000000000': 0 pak files mounted, 0 remain pending
[2018.12.16-03.47.29:747][  0]LogPakFile: Registered encryption key '00000000000000000000000000000000': 0 pak files mounted, 0 remain pending
[2018.12.16-03.47.29:747][  0]LogPakFile: Registered encryption key '00000000000000000000000000000000': 0 pak files mounted, 0 remain pending
[2018.12.16-03.47.29:748][  0]LogPakFile: Registered encryption key '00000000000000000000000000000000': 0 pak files mounted, 0 remain pending
[2018.12.16-03.47.29:749][  0]LogPakFile: Registered encryption key '00000000000000000000000000000000': 0 pak files mounted, 0 remain pending
[2018.12.16-03.47.29:749][  0]LogPakFile: Registered encryption key '00000000000000000000000000000000': 0 pak files mounted, 0 remain pending
[2018.12.16-03.47.29:750][  0]LogPakFile: Registered encryption key '00000000000000000000000000000000': 0 pak files mounted, 0 remain pending
[2018.12.16-03.47.29:751][  0]LogPakFile: Registered encryption key '00000000000000000000000000000000': 0 pak files mounted, 0 remain pending
[2018.12.16-03.47.29:804][  0]LogContentBrowser: Native class hierarchy updated for 'AddContentDialog' in 0.0002 seconds. Added 0 classes and 0 folders.
[2018.12.16-03.47.29:807][  0]LogContentBrowser: Native class hierarchy updated for 'SceneOutliner' in 0.0002 seconds. Added 1 classes and 2 folders.
[2018.12.16-03.47.29:893][  0]LogContentBrowser: Native class hierarchy updated for 'HierarchicalLODOutliner' in 0.0003 seconds. Added 0 classes and 0 folders.
[2018.12.16-03.47.29:893][  0]LogLoad: (Engine Initialization) Total time: 8.56 seconds
[2018.12.16-03.47.29:893][  0]LogLoad: (Engine Initialization) Total Blueprint compile time: 0.00 seconds
[2018.12.16-03.47.29:904][  0]LogWindowsTextInputMethodSystem: Display: IME system now deactivated.
[2018.12.16-03.47.29:927][  0]LogAssetRegistry: Asset discovery search completed in 4.3203 seconds
[2018.12.16-03.47.29:929][  0]LogCollectionManager: Rebuilt the object cache for 0 collections in 0.000000 seconds (found 0 objects)
[2018.12.16-03.47.29:929][  0]LogCollectionManager: Fixed up redirectors for 0 collections in 0.000042 seconds (updated 0 objects)
[2018.12.16-03.47.29:930][  0]LogContentStreaming: Texture pool size now 1000 MB
[2018.12.16-03.47.29:936][  0]LogSlate: Took 0.000247 seconds to synchronously load lazily loaded font '../../../Engine/Content/Slate/Fonts/Roboto-Regular.ttf' (155K)
[2018.12.16-03.47.29:937][  0]LogSlate: Took 0.000178 seconds to synchronously load lazily loaded font '../../../Engine/Content/Slate/Fonts/Roboto-Bold.ttf' (160K)
[2018.12.16-03.47.29:941][  0]LogSlate: Took 0.000228 seconds to synchronously load lazily loaded font '../../../Engine/Content/Editor/Slate/Fonts/FontAwesome.ttf' (139K)
[2018.12.16-03.47.30:021][  0]LogSlate: Took 0.000220 seconds to synchronously load lazily loaded font '../../../Engine/Content/Slate/Fonts/Roboto-Light.ttf' (167K)
[2018.12.16-03.47.30:039][  1]LogRenderer: Reallocating scene render targets to support 804x368 Format 10 NumSamples 1 (Frame:1).
[2018.12.16-03.47.30:913][ 97]LogSlate: Took 0.000329 seconds to synchronously load lazily loaded font '../../../Engine/Content/Slate/Fonts/Roboto-Light.ttf' (167K)
[2018.12.16-03.47.34:031][426]LogRenderer: Reallocating scene render targets to support 1056x580 Format 10 NumSamples 1 (Frame:427).
[2018.12.16-03.47.35:600][611]LogSlate: FSceneViewport::OnFocusLost() reason 0
[2018.12.16-03.47.35:692][622]LogTemp: Repeating last play command: Selected Viewport
[2018.12.16-03.47.35:704][622]LogPlayLevel: PlayLevel: No blueprints needed recompiling
[2018.12.16-03.47.35:704][622]PIE: New page: PIE session: Untitled_0 (Dec 15, 2018, 11:47:35 AM)
[2018.12.16-03.47.35:716][622]LogPlayLevel: Creating play world package: /Temp/UEDPIE_0_Untitled_0
[2018.12.16-03.47.35:717][622]LogPlayLevel: PIE: StaticDuplicateObject took: (0.000612s)
[2018.12.16-03.47.35:717][622]LogAIModule: Creating AISystem for world Untitled
[2018.12.16-03.47.35:717][622]LogPlayLevel: PIE: World Init took: (0.000451s)
[2018.12.16-03.47.35:717][622]LogPlayLevel: PIE: Created PIE world by copying editor world from /Temp/Untitled_0.Untitled to /Temp/UEDPIE_0_Untitled_0.Untitled (0.001302s)
[2018.12.16-03.47.35:742][622]LogInit: XAudio2 using 'Speakers (Realtek High Definition Audio)' : 2 channels at 48 kHz using 32 bits per sample (channel mask 0x3)
[2018.12.16-03.47.35:757][622]LogInit: FAudioDevice initialized.
[2018.12.16-03.47.35:799][622]LogLinker: Warning: Can't find file '/Game/ThirdPersonBP/Blueprints/ThirdPersonGameMode'
[2018.12.16-03.47.35:799][622]LogLinker: Warning: Can't find file '/Game/ThirdPersonBP/Blueprints/ThirdPersonGameMode'
[2018.12.16-03.47.35:799][622]LogUObjectGlobals: Warning: Failed to find object 'Class /Game/ThirdPersonBP/Blueprints/ThirdPersonGameMode.ThirdPersonGameMode_C'
[2018.12.16-03.47.35:799][622]LogLoad: Game class is 'GameModeBase'
[2018.12.16-03.47.35:801][622]LogWorld: Bringing World /Temp/UEDPIE_0_Untitled_0.Untitled up for play (max tick rate 0) at 2018.12.15-19.47.35
[2018.12.16-03.47.35:801][622]LogWorld: Bringing up level for play took: 0.000316
[2018.12.16-03.47.35:818][622]LogContentBrowser: Native class hierarchy updated for 'MovieSceneCapture' in 0.0003 seconds. Added 20 classes and 0 folders.
[2018.12.16-03.47.35:819][622]PIE: Play in editor start time for /Temp/UEDPIE_0_Untitled_0 -0.377
[2018.12.16-03.47.36:887][749]LogSlate: Updating window title bar state: overlay mode, drag disabled, window buttons hidden, title bar hidden
[2018.12.16-03.47.36:915][749]LogPlayLevel: Display: Shutting down PIE online subsystems
[2018.12.16-03.47.36:934][749]LogSlate: Updating window title bar state: overlay mode, drag disabled, window buttons hidden, title bar hidden
[2018.12.16-03.47.36:994][756]LogPlayLevel: Display: Destroying online subsystem :Context_1
[2018.12.16-03.48.06:114][551]LogSlate: Only BGRA pngs, bmps or icos are supported in by External Image Picker
[2018.12.16-03.48.06:176][551]LogTemp: Executing iPhonePackager certificates Engine -bundlename com.YourCompany.EndlessRunner
[2018.12.16-03.48.06:176][551]LogTemp: CWD: E:\Epic Games\UE_4.21\Engine\Binaries\DotNET\IOS
[2018.12.16-03.48.06:176][551]LogTemp: Initial Dir: E:\Epic Games\UE_4.21
[2018.12.16-03.48.06:176][551]LogTemp: Env CWD: E:\Epic Games\UE_4.21\Engine\Binaries\DotNET\IOS
[2018.12.16-03.48.06:176][551]LogTemp: BranchPath = HAUNTEDYOUTH/E/Epic Games/UE_4.21/Engine/Binaries --- GameBranchPath = HAUNTEDYOUTH/E/Epic Games/UE_4.21/Engine/Binaries
[2018.12.16-03.48.06:179][551]LogTemp: IPP ERROR: Could not find provision directory 'C:\Users\Alexis\AppData\Local/Apple Computer/MobileDevice/Provisioning Profiles/'.
[2018.12.16-03.48.08:865][839]LogAssetEditorManager: Opening Asset editor for Blueprint /Game/RunPersonBP/Blueprints/Item_Meshes/BP_TruckL2R.BP_TruckL2R
[2018.12.16-03.48.09:234][839]LogContentBrowser: Native class hierarchy updated for 'BlueprintGraph' in 0.0005 seconds. Added 117 classes and 0 folders.
[2018.12.16-03.48.09:902][839]LogAssetEditorManager: Opening Asset editor for Blueprint /Game/RunPersonBP/Blueprints/Item_Meshes/BP_TruckR2L.BP_TruckR2L
[2018.12.16-03.48.10:137][839]LogAssetEditorManager: Opening Asset editor for Blueprint /Game/RunPersonBP/Blueprints/RunCharacter.RunCharacter
[2018.12.16-03.48.10:808][839]LogAssetEditorManager: Opening Asset editor for Blueprint /Game/RunPersonBP/Blueprints/RunGameMode.RunGameMode
[2018.12.16-03.48.11:080][839]LogLinker: Warning: Can't find file '/Game/RunPersonBP/Blueprints/ZoneCamera.ZoneCamera'
[2018.12.16-03.48.11:083][839]LogSlate: Took 0.002028 seconds to synchronously load lazily loaded font '../../../Engine/Content/Slate/Fonts/DroidSansFallback.ttf' (3848K)
[2018.12.16-03.48.11:094][839]LogSlate: Took 0.000388 seconds to synchronously load lazily loaded font '../../../Engine/Content/Slate/Fonts/Roboto-BoldCondensed.ttf' (158K)
[2018.12.16-03.48.11:148][840]LogSlate: Took 0.000260 seconds to synchronously load lazily loaded font '../../../Engine/Content/Slate/Fonts/Roboto-Italic.ttf' (157K)
[2018.12.16-03.48.46:059][272]LogSlate: Window 'Project Settings' being destroyed
[2018.12.16-03.48.46:062][272]LogSlate: Window 'Project Settings' being destroyed
[2018.12.16-03.48.47:333][417]LogRenderer: Reallocating scene render targets to support 1056x720 Format 10 NumSamples 1 (Frame:1).
[2018.12.16-03.48.54:247][223]LogActorComponent: UnregisterComponent: (/Engine/Transient.EditorFloorComp) Not registered. Aborting.
[2018.12.16-03.48.54:293][223]LogActorComponent: UnregisterComponent: (/Engine/Transient.EditorFloorComp) Not registered. Aborting.
[2018.12.16-03.48.54:341][223]LogActorComponent: UnregisterComponent: (/Engine/Transient.EditorFloorComp) Not registered. Aborting.
[2018.12.16-03.48.54:391][223]LogSlate: Window 'EndlessRunner - Unreal Editor' being destroyed
[2018.12.16-03.48.54:392][223]LogWindowsTextInputMethodSystem: Display: IME system now deactivated.
[2018.12.16-03.48.54:556][224]Cmd: QUIT_EDITOR
[2018.12.16-03.48.55:488][224]LogExit: Preparing to exit.
[2018.12.16-03.48.56:534][224]LogExit: Editor shut down
[2018.12.16-03.48.56:535][224]LogExit: Transaction tracking system shut down
[2018.12.16-03.48.56:717][224]LogExit: Object subsystem successfully closed.
[2018.12.16-03.48.56:737][224]LogShaderCompilers: Display: Shaders left to compile 0
[2018.12.16-03.48.56:740][224]LogD3D11RHI: Shutdown
[2018.12.16-03.48.56:740][224]LogD3D11RHI: CleanupD3DDevice
[2018.12.16-03.48.56:741][224]LogD3D11RHI: ~FD3D11DynamicRHI
[2018.12.16-03.48.56:754][224]LogModuleManager: Shutting down and abandoning module BlueprintGraph (628)
[2018.12.16-03.48.56:754][224]LogModuleManager: Shutting down and abandoning module ExternalImagePicker (626)
[2018.12.16-03.48.56:754][224]LogModuleManager: Shutting down and abandoning module MovieSceneCapture (624)
[2018.12.16-03.48.56:754][224]LogModuleManager: Shutting down and abandoning module Voice (622)
[2018.12.16-03.48.56:754][224]LogModuleManager: Shutting down and abandoning module HierarchicalLODOutliner (620)
[2018.12.16-03.48.56:754][224]LogModuleManager: Shutting down and abandoning module SceneOutliner (618)
[2018.12.16-03.48.56:754][224]LogModuleManager: Shutting down and abandoning module AddContentDialog (616)
[2018.12.16-03.48.56:754][224]LogModuleManager: Shutting down and abandoning module WidgetCarousel (615)
[2018.12.16-03.48.56:754][224]LogModuleManager: Shutting down and abandoning module EditorWidgets (612)
[2018.12.16-03.48.56:754][224]LogModuleManager: Shutting down and abandoning module CollectionManager (610)
[2018.12.16-03.48.56:755][224]LogModuleManager: Shutting down and abandoning module FoliageEdit (608)
[2018.12.16-03.48.56:755][224]LogModuleManager: Shutting down and abandoning module LandscapeEditor (606)
[2018.12.16-03.48.56:755][224]LogModuleManager: Shutting down and abandoning module MeshPaintMode (604)
[2018.12.16-03.48.56:755][224]LogModuleManager: Shutting down and abandoning module SceneDepthPickerMode (602)
[2018.12.16-03.48.56:755][224]LogModuleManager: Shutting down and abandoning module ActorPickerMode (600)
[2018.12.16-03.48.56:755][224]LogModuleManager: Shutting down and abandoning module GeometryMode (598)
[2018.12.16-03.48.56:755][224]LogModuleManager: Shutting down and abandoning module TextureAlignMode (596)
[2018.12.16-03.48.56:755][224]LogModuleManager: Shutting down and abandoning module BspMode (594)
[2018.12.16-03.48.56:755][224]LogModuleManager: Shutting down and abandoning module PIEPreviewDeviceProfileSelector (592)
[2018.12.16-03.48.56:755][224]LogModuleManager: Shutting down and abandoning module SequenceRecorderSections (590)
[2018.12.16-03.48.56:755][224]LogModuleManager: Shutting down and abandoning module AutomationWorker (588)
[2018.12.16-03.48.56:755][224]LogModuleManager: Shutting down and abandoning module AudioCaptureEditor (586)
[2018.12.16-03.48.56:755][224]LogModuleManager: Shutting down and abandoning module MatineeToLevelSequence (584)
[2018.12.16-03.48.56:755][224]LogModuleManager: Shutting down and abandoning module LevelSequenceEditor (582)
[2018.12.16-03.48.56:755][224]LogModuleManager: Shutting down and abandoning module PlacementMode (581)
[2018.12.16-03.48.56:755][224]LogModuleManager: Shutting down and abandoning module MaterialEditor (580)
[2018.12.16-03.48.56:755][224]LogModuleManager: Shutting down and abandoning module WmfMediaFactory (576)
[2018.12.16-03.48.56:755][224]LogModuleManager: Shutting down and abandoning module WmfMediaEditor (574)
[2018.12.16-03.48.56:755][224]LogModuleManager: Shutting down and abandoning module WebMMediaFactory (572)
[2018.12.16-03.48.56:755][224]LogModuleManager: Shutting down and abandoning module WebMMediaEditor (570)
[2018.12.16-03.48.56:755][224]LogModuleManager: Shutting down and abandoning module WebMMedia (568)
[2018.12.16-03.48.56:755][224]LogModuleManager: Shutting down and abandoning module MediaPlayerEditor (566)
[2018.12.16-03.48.56:755][224]LogModuleManager: Shutting down and abandoning module MediaCompositingEditor (564)
[2018.12.16-03.48.56:755][224]LogModuleManager: Shutting down and abandoning module SequenceRecorder (563)
[2018.12.16-03.48.56:755][224]LogModuleManager: Shutting down and abandoning module OpenExrWrapper (560)
[2018.12.16-03.48.56:755][224]LogModuleManager: Shutting down and abandoning module ImgMediaFactory (558)
[2018.12.16-03.48.56:755][224]LogModuleManager: Shutting down and abandoning module ImgMediaEditor (556)
[2018.12.16-03.48.56:755][224]LogModuleManager: Shutting down and abandoning module AvfMediaFactory (554)
[2018.12.16-03.48.56:755][224]LogModuleManager: Shutting down and abandoning module AvfMediaEditor (552)
[2018.12.16-03.48.56:755][224]LogModuleManager: Shutting down and abandoning module AndroidMediaFactory (550)
[2018.12.16-03.48.56:755][224]LogModuleManager: Shutting down and abandoning module AndroidMediaEditor (548)
[2018.12.16-03.48.56:755][224]LogModuleManager: Shutting down and abandoning module MagicLeapCameraPreviewFactory (546)
[2018.12.16-03.48.56:755][224]LogModuleManager: Shutting down and abandoning module MagicLeapMediaFactory (544)
[2018.12.16-03.48.56:755][224]LogModuleManager: Shutting down and abandoning module MagicLeapMediaEditor (542)
[2018.12.16-03.48.56:755][224]LogModuleManager: Shutting down and abandoning module CharacterAI (540)
[2018.12.16-03.48.56:755][224]LogModuleManager: Shutting down and abandoning module SmartSnapping (538)
[2018.12.16-03.48.56:755][224]LogModuleManager: Shutting down and abandoning module SessionServices (536)
[2018.12.16-03.48.56:755][224]LogModuleManager: Shutting down and abandoning module ViewportSnapping (534)
[2018.12.16-03.48.56:755][224]LogModuleManager: Shutting down and abandoning module ViewportInteraction (532)
[2018.12.16-03.48.56:755][224]LogModuleManager: Shutting down and abandoning module ClothPainter (530)
[2018.12.16-03.48.56:755][224]LogModuleManager: Shutting down and abandoning module SkeletalMeshEditor (529)
[2018.12.16-03.48.56:755][224]LogModuleManager: Shutting down and abandoning module LogVisualizer (526)
[2018.12.16-03.48.56:756][224]LogModuleManager: Shutting down and abandoning module IntroTutorials (524)
[2018.12.16-03.48.56:756][224]LogModuleManager: Shutting down and abandoning module GameProjectGeneration (523)
[2018.12.16-03.48.56:756][224]LogModuleManager: Shutting down and abandoning module LuminPlatformEditor (520)
[2018.12.16-03.48.56:756][224]LogModuleManager: Shutting down and abandoning module IOSPlatformEditor (518)
[2018.12.16-03.48.56:756][224]LogModuleManager: Shutting down and abandoning module HTML5PlatformEditor (516)
[2018.12.16-03.48.56:756][224]LogModuleManager: Shutting down and abandoning module AndroidPlatformEditor (514)
[2018.12.16-03.48.56:756][224]LogModuleManager: Shutting down and abandoning module AndroidDeviceDetection (513)
[2018.12.16-03.48.57:299][224]LogModuleManager: Shutting down and abandoning module WindowsPlatformEditor (510)
[2018.12.16-03.48.57:299][224]LogModuleManager: Shutting down and abandoning module LuminRuntimeSettings (508)
[2018.12.16-03.48.57:299][224]LogModuleManager: Shutting down and abandoning module IOSRuntimeSettings (506)
[2018.12.16-03.48.57:299][224]LogModuleManager: Shutting down and abandoning module AndroidRuntimeSettings (504)
[2018.12.16-03.48.57:299][224]LogModuleManager: Shutting down and abandoning module TimeManagementEditor (502)
[2018.12.16-03.48.57:299][224]LogModuleManager: Shutting down and abandoning module InputBindingEditor (500)
[2018.12.16-03.48.57:299][224]LogModuleManager: Shutting down and abandoning module MergeActors (498)
[2018.12.16-03.48.57:299][224]LogModuleManager: Shutting down and abandoning module LocalizationDashboard (496)
[2018.12.16-03.48.57:299][224]LogModuleManager: Shutting down and abandoning module LocalizationService (495)
[2018.12.16-03.48.57:299][224]LogModuleManager: Shutting down and abandoning module HardwareTargeting (492)
[2018.12.16-03.48.57:299][224]LogModuleManager: Shutting down and abandoning module DeviceProfileEditor (490)
[2018.12.16-03.48.57:299][224]LogModuleManager: Shutting down and abandoning module UndoHistory (488)
[2018.12.16-03.48.57:299][224]LogModuleManager: Shutting down and abandoning module XmlParser (486)
[2018.12.16-03.48.57:299][224]LogModuleManager: Shutting down and abandoning module Blutility (484)
[2018.12.16-03.48.57:299][224]LogModuleManager: Shutting down and abandoning module ProjectSettingsViewer (482)
[2018.12.16-03.48.57:299][224]LogModuleManager: Shutting down and abandoning module ProjectTargetPlatformEditor (481)
[2018.12.16-03.48.57:300][224]LogModuleManager: Shutting down and abandoning module EditorSettingsViewer (478)
[2018.12.16-03.48.57:300][224]LogModuleManager: Shutting down and abandoning module SettingsEditor (476)
[2018.12.16-03.48.57:300][224]LogModuleManager: Shutting down and abandoning module ProjectLauncher (474)
[2018.12.16-03.48.57:300][224]LogModuleManager: Shutting down and abandoning module SessionFrontend (472)
[2018.12.16-03.48.57:300][224]LogModuleManager: Shutting down and abandoning module ProfilerClient (470)
[2018.12.16-03.48.57:300][224]LogModuleManager: Shutting down and abandoning module DeviceManager (468)
[2018.12.16-03.48.57:300][224]LogModuleManager: Shutting down and abandoning module TargetDeviceServices (467)
[2018.12.16-03.48.57:366][224]LogModuleManager: Shutting down and abandoning module AutomationController (464)
[2018.12.16-03.48.57:366][224]LogModuleManager: Shutting down and abandoning module AutomationWindow (462)
[2018.12.16-03.48.57:366][224]LogModuleManager: Shutting down and abandoning module Layers (460)
[2018.12.16-03.48.57:366][224]LogModuleManager: Shutting down and abandoning module ComponentVisualizers (458)
[2018.12.16-03.48.57:366][224]LogModuleManager: Shutting down and abandoning module DetailCustomizations (456)
[2018.12.16-03.48.57:366][224]LogModuleManager: Shutting down and abandoning module PackagesDialog (454)
[2018.12.16-03.48.57:366][224]LogModuleManager: Shutting down and abandoning module Persona (452)
[2018.12.16-03.48.57:366][224]LogModuleManager: Shutting down and abandoning module AdvancedPreviewScene (451)
[2018.12.16-03.48.57:366][224]LogModuleManager: Shutting down and abandoning module AnimGraph (449)
[2018.12.16-03.48.57:366][224]LogModuleManager: Shutting down and abandoning module Kismet (446)
[2018.12.16-03.48.57:369][224]LogModuleManager: Shutting down and abandoning module GraphEditor (444)
[2018.12.16-03.48.57:369][224]LogModuleManager: Shutting down and abandoning module ClassViewer (442)
[2018.12.16-03.48.57:371][224]LogModuleManager: Shutting down and abandoning module Toolbox (440)
[2018.12.16-03.48.57:371][224]LogModuleManager: Shutting down and abandoning module ModuleUI (438)
[2018.12.16-03.48.57:371][224]LogModuleManager: Shutting down and abandoning module MovieSceneTools (436)
[2018.12.16-03.48.57:371][224]LogModuleManager: Shutting down and abandoning module OutputLog (434)
[2018.12.16-03.48.57:371][224]LogModuleManager: Shutting down and abandoning module GammaUI (432)
[2018.12.16-03.48.57:371][224]LogModuleManager: Shutting down and abandoning module Documentation (430)
[2018.12.16-03.48.57:371][224]LogModuleManager: Shutting down and abandoning module MovieSceneTracks (428)
[2018.12.16-03.48.57:371][224]LogModuleManager: Shutting down and abandoning module MovieScene (426)
[2018.12.16-03.48.57:371][224]LogModuleManager: Shutting down and abandoning module StreamingPauseRendering (424)
[2018.12.16-03.48.57:371][224]LogModuleManager: Shutting down and abandoning module LauncherPlatform (422)
[2018.12.16-03.48.57:371][224]LogModuleManager: Shutting down and abandoning module AnalyticsET (420)
[2018.12.16-03.48.57:371][224]LogModuleManager: Shutting down and abandoning module PortalServices (418)
[2018.12.16-03.48.57:371][224]LogModuleManager: Shutting down and abandoning module PortalRpc (416)
[2018.12.16-03.48.57:371][224]LogModuleManager: Shutting down and abandoning module MessagingRpc (414)
[2018.12.16-03.48.57:371][224]LogModuleManager: Shutting down and abandoning module AIModule (412)
[2018.12.16-03.48.57:371][224]LogModuleManager: Shutting down and abandoning module GameplayDebugger (411)
[2018.12.16-03.48.57:371][224]LogModuleManager: Shutting down and abandoning module AITestSuite (409)
[2018.12.16-03.48.57:371][224]LogModuleManager: Shutting down and abandoning module NavigationSystem (407)
[2018.12.16-03.48.57:371][224]LogModuleManager: Shutting down and abandoning module DesktopPlatform (404)
[2018.12.16-03.48.57:371][224]LogModuleManager: Shutting down and abandoning module ImageWriteQueue (402)
[2018.12.16-03.48.57:373][224]LogModuleManager: Shutting down and abandoning module ProfilerService (400)
[2018.12.16-03.48.57:398][224]LogModuleManager: Shutting down and abandoning module TaskGraph (398)
[2018.12.16-03.48.57:398][224]LogModuleManager: Shutting down and abandoning module SteamVRController (396)
[2018.12.16-03.48.57:398][224]LogModuleManager: Shutting down and abandoning module ProceduralMeshComponentEditor (394)
[2018.12.16-03.48.57:398][224]LogModuleManager: Shutting down and abandoning module ProceduralMeshComponent (392)
[2018.12.16-03.48.57:398][224]LogModuleManager: Shutting down and abandoning module OculusInput (390)
[2018.12.16-03.48.57:398][224]LogModuleManager: Shutting down and abandoning module MobilePatchingUtils (388)
[2018.12.16-03.48.57:398][224]LogModuleManager: Shutting down and abandoning module EditableMesh (386)
[2018.12.16-03.48.57:398][224]LogModuleManager: Shutting down and abandoning module CustomMeshComponent (384)
[2018.12.16-03.48.57:398][224]LogModuleManager: Shutting down and abandoning module CableComponent (382)
[2018.12.16-03.48.57:398][224]LogModuleManager: Shutting down and abandoning module AudioCapture (380)
[2018.12.16-03.48.57:398][224]LogModuleManager: Shutting down and abandoning module ArchVisCharacter (378)
[2018.12.16-03.48.57:398][224]LogModuleManager: Shutting down and abandoning module AndroidPermission (376)
[2018.12.16-03.48.57:398][224]LogModuleManager: Shutting down and abandoning module NUTUnrealEngine4 (374)
[2018.12.16-03.48.57:398][224]LogModuleManager: Shutting down and abandoning module NetcodeUnitTest (372)
[2018.12.16-03.48.57:398][224]LogModuleManager: Shutting down and abandoning module MediaCompositing (370)
[2018.12.16-03.48.57:398][224]LogModuleManager: Shutting down and abandoning module LinearTimecode (368)
[2018.12.16-03.48.57:398][224]LogModuleManager: Shutting down and abandoning module ImgMedia (366)
[2018.12.16-03.48.57:400][224]LogModuleManager: Shutting down and abandoning module HTML5Networking (364)
[2018.12.16-03.48.57:400][224]LogModuleManager: Shutting down and abandoning module GeometryCacheTracks (362)
[2018.12.16-03.48.57:400][224]LogModuleManager: Shutting down and abandoning module GeometryCacheSequencer (360)
[2018.12.16-03.48.57:400][224]LogModuleManager: Shutting down and abandoning module BackChannel (358)
[2018.12.16-03.48.57:400][224]LogModuleManager: Shutting down and abandoning module AppleVision (356)
[2018.12.16-03.48.57:400][224]LogModuleManager: Shutting down and abandoning module AppleImageUtilsBlueprintSupport (354)
[2018.12.16-03.48.57:400][224]LogModuleManager: Shutting down and abandoning module AppleImageUtils (352)
[2018.12.16-03.48.57:400][224]LogModuleManager: Shutting down and abandoning module AlembicImporter (350)
[2018.12.16-03.48.57:400][224]LogModuleManager: Shutting down and abandoning module AlembicLibrary (349)
[2018.12.16-03.48.57:400][224]LogModuleManager: Shutting down and abandoning module GeometryCache (348)
[2018.12.16-03.48.57:400][224]LogModuleManager: Shutting down and abandoning module GeometryCacheEd (347)
[2018.12.16-03.48.57:400][224]LogModuleManager: Shutting down and abandoning module VariantManagerContent (342)
[2018.12.16-03.48.57:400][224]LogModuleManager: Shutting down and abandoning module DatasmithContentEditor (340)
[2018.12.16-03.48.57:400][224]LogModuleManager: Shutting down and abandoning module SpeedTreeImporter (338)
[2018.12.16-03.48.57:400][224]LogModuleManager: Shutting down and abandoning module PluginBrowser (336)
[2018.12.16-03.48.57:400][224]LogModuleManager: Shutting down and abandoning module MobileLauncherProfileWizard (334)
[2018.12.16-03.48.57:400][224]LogModuleManager: Shutting down and abandoning module PolygonModeling (332)
[2018.12.16-03.48.57:400][224]LogModuleManager: Shutting down and abandoning module MeshEditor (330)
[2018.12.16-03.48.57:400][224]LogModuleManager: Shutting down and abandoning module CryptoKeysOpenSSL (328)
[2018.12.16-03.48.57:400][224]LogModuleManager: Shutting down and abandoning module CryptoKeys (326)
[2018.12.16-03.48.57:400][224]LogModuleManager: Shutting down and abandoning module VisualStudioSourceCodeAccess (324)
[2018.12.16-03.48.57:400][224]LogModuleManager: Shutting down and abandoning module VisualStudioCodeSourceCodeAccess (322)
[2018.12.16-03.48.57:400][224]LogModuleManager: Shutting down and abandoning module UObjectPlugin (320)
[2018.12.16-03.48.57:400][224]LogModuleManager: Shutting down and abandoning module SubversionSourceControl (318)
[2018.12.16-03.48.57:400][224]LogModuleManager: Shutting down and abandoning module PerforceSourceControl (316)
[2018.12.16-03.48.57:400][224]LogModuleManager: Shutting down and abandoning module GitSourceControl (314)
[2018.12.16-03.48.57:400][224]LogModuleManager: Shutting down and abandoning module SourceControl (313)
[2018.12.16-03.48.57:400][224]LogModuleManager: Shutting down and abandoning module CLionSourceCodeAccess (310)
[2018.12.16-03.48.57:401][224]LogModuleManager: Shutting down and abandoning module ActorLayerUtilitiesEditor (308)
[2018.12.16-03.48.57:401][224]LogModuleManager: Shutting down and abandoning module ActorLayerUtilities (306)
[2018.12.16-03.48.57:401][224]LogModuleManager: Shutting down and abandoning module LightPropagationVolumeEditor (304)
[2018.12.16-03.48.57:401][224]LogModuleManager: Shutting down and abandoning module PaperTiledImporter (302)
[2018.12.16-03.48.57:401][224]LogModuleManager: Shutting down and abandoning module PaperSpriteSheetImporter (300)
[2018.12.16-03.48.57:401][224]LogModuleManager: Shutting down and abandoning module Paper2DEditor (298)
[2018.12.16-03.48.57:401][224]LogModuleManager: Shutting down and abandoning module MeshPaint (297)
[2018.12.16-03.48.57:401][224]LogModuleManager: Shutting down and abandoning module RuntimePhysXCooking (294)
[2018.12.16-03.48.57:401][224]LogModuleManager: Shutting down and abandoning module PhysXVehiclesEditor (292)
[2018.12.16-03.48.57:401][224]LogModuleManager: Shutting down and abandoning module PhysXVehicles (290)
[2018.12.16-03.48.57:401][224]LogModuleManager: Shutting down and abandoning module OculusEditor (288)
[2018.12.16-03.48.57:401][224]LogModuleManager: Shutting down and abandoning module LocationServicesBPLibrary (286)
[2018.12.16-03.48.57:401][224]LogModuleManager: Shutting down and abandoning module ActorSequence (284)
[2018.12.16-03.48.57:401][224]LogModuleManager: Shutting down and abandoning module UdpMessaging (282)
[2018.12.16-03.48.57:502][224]LogModuleManager: Shutting down and abandoning module TcpMessaging (280)
[2018.12.16-03.48.57:603][224]LogModuleManager: Shutting down and abandoning module MagicLeapAudio (278)
[2018.12.16-03.48.57:603][224]LogModuleManager: Shutting down and abandoning module GameplayTagsEditor (276)
[2018.12.16-03.48.57:603][224]LogModuleManager: Shutting down and abandoning module FacialAnimationEditor (274)
[2018.12.16-03.48.57:603][224]LogModuleManager: Shutting down and abandoning module FacialAnimation (272)
[2018.12.16-03.48.57:603][224]LogModuleManager: Shutting down and abandoning module DataValidation (270)
[2018.12.16-03.48.57:603][224]LogModuleManager: Shutting down and abandoning module AssetManagerEditor (268)
[2018.12.16-03.48.57:603][224]LogModuleManager: Shutting down and abandoning module LevelEditor (267)
[2018.12.16-03.48.57:604][224]LogModuleManager: Shutting down and abandoning module PixelInspectorModule (266)
[2018.12.16-03.48.57:604][224]LogModuleManager: Shutting down and abandoning module CommonMenuExtensions (264)
[2018.12.16-03.48.57:604][224]LogModuleManager: Shutting down and abandoning module MainFrame (262)
[2018.12.16-03.48.57:604][224]LogModuleManager: Shutting down and abandoning module HotReload (261)
[2018.12.16-03.48.57:604][224]LogModuleManager: Shutting down and abandoning module ContentBrowser (257)
[2018.12.16-03.48.57:605][224]LogModuleManager: Shutting down and abandoning module TreeMap (255)
[2018.12.16-03.48.57:605][224]LogModuleManager: Shutting down and abandoning module LightPropagationVolumeRuntime (252)
[2018.12.16-03.48.57:605][224]LogModuleManager: Shutting down and abandoning module AISupportModule (250)
[2018.12.16-03.48.57:605][224]LogModuleManager: Shutting down and abandoning module Paper2D (248)
[2018.12.16-03.48.57:606][224]LogModuleManager: Shutting down and abandoning module WindowsMoviePlayer (246)
[2018.12.16-03.48.57:606][224]LogModuleManager: Shutting down and abandoning module WebMMoviePlayer (244)
[2018.12.16-03.48.57:606][224]LogModuleManager: Shutting down and abandoning module WmfMedia (242)
[2018.12.16-03.48.57:607][224]LogModuleManager: Shutting down and abandoning module Media (241)
[2018.12.16-03.48.57:613][224]LogModuleManager: Shutting down and abandoning module PacketHandler (238)
[2018.12.16-03.48.57:613][224]LogModuleManager: Shutting down and abandoning module ClothingSystemEditor (236)
[2018.12.16-03.48.57:613][224]LogModuleManager: Shutting down and abandoning module ClothingSystemRuntime (234)
[2018.12.16-03.48.57:613][224]LogModuleManager: Shutting down and abandoning module MediaAssets (232)
[2018.12.16-03.48.57:613][224]LogModuleManager: Shutting down and abandoning module Overlay (230)
[2018.12.16-03.48.57:613][224]LogModuleManager: Shutting down and abandoning module OverlayEditor (229)
[2018.12.16-03.48.57:613][224]LogModuleManager: Shutting down and abandoning module VREditor (226)
[2018.12.16-03.48.57:613][224]LogModuleManager: Shutting down and abandoning module StringTableEditor (224)
[2018.12.16-03.48.57:613][224]LogModuleManager: Shutting down and abandoning module GameplayTasksEditor (222)
[2018.12.16-03.48.57:613][224]LogModuleManager: Shutting down and abandoning module BehaviorTreeEditor (220)
[2018.12.16-03.48.57:613][224]LogModuleManager: Shutting down and abandoning module FunctionalTesting (218)
[2018.12.16-03.48.57:613][224]LogModuleManager: Shutting down and abandoning module CollisionAnalyzer (216)
[2018.12.16-03.48.57:613][224]LogModuleManager: Shutting down and abandoning module WorkspaceMenuStructure (215)
[2018.12.16-03.48.57:613][224]LogModuleManager: Shutting down and abandoning module UMG (212)
[2018.12.16-03.48.57:613][224]LogModuleManager: Shutting down and abandoning module UMGEditor (211)
[2018.12.16-03.48.57:613][224]LogModuleManager: Shutting down and abandoning module Sequencer (210)
[2018.12.16-03.48.57:614][224]LogModuleManager: Shutting down and abandoning module MessageLog (207)
[2018.12.16-03.48.57:614][224]LogModuleManager: Shutting down and abandoning module SlateReflector (202)
[2018.12.16-03.48.57:614][224]LogModuleManager: Shutting down and abandoning module Slate (200)
[2018.12.16-03.48.57:614][224]LogModuleManager: Shutting down and abandoning module EditorStyle (198)
[2018.12.16-03.48.57:615][224]LogModuleManager: Shutting down and abandoning module MRMesh (196)
[2018.12.16-03.48.57:615][224]LogModuleManager: Shutting down and abandoning module SourceCodeAccess (194)
[2018.12.16-03.48.57:615][224]LogModuleManager: Shutting down and abandoning module HeadMountedDisplay (192)
[2018.12.16-03.48.57:615][224]LogModuleManager: Shutting down and abandoning module XAudio2 (190)
[2018.12.16-03.48.57:615][224]LogModuleManager: Shutting down and abandoning module Networking (188)
[2018.12.16-03.48.57:615][224]LogModuleManager: Shutting down and abandoning module Core (186)
[2018.12.16-03.48.57:615][224]LogModuleManager: Shutting down and abandoning module LevelSequence (184)
[2018.12.16-03.48.57:615][224]LogModuleManager: Shutting down and abandoning module KismetCompiler (182)
[2018.12.16-03.48.57:615][224]LogModuleManager: Shutting down and abandoning module MeshUtilities (180)
[2018.12.16-03.48.57:615][224]LogModuleManager: Shutting down and abandoning module MeshMergeUtilities (179)
[2018.12.16-03.48.57:615][224]LogModuleManager: Shutting down and abandoning module MeshReductionInterface (178)
[2018.12.16-03.48.57:615][224]LogModuleManager: Shutting down and abandoning module SimplygonSwarm (177)
[2018.12.16-03.48.57:615][224]LogModuleManager: Shutting down and abandoning module ProxyLODMeshReduction (175)
[2018.12.16-03.48.57:615][224]LogModuleManager: Shutting down and abandoning module SimplygonMeshReduction (173)
[2018.12.16-03.48.57:615][224]LogModuleManager: Shutting down and abandoning module QuadricMeshReduction (171)
[2018.12.16-03.48.57:615][224]LogModuleManager: Shutting down and abandoning module MaterialBaking (167)
[2018.12.16-03.48.57:615][224]LogModuleManager: Shutting down and abandoning module DirectoryWatcher (163)
[2018.12.16-03.48.57:615][224]LogModuleManager: Shutting down and abandoning module DerivedDataCache (160)
[2018.12.16-03.48.58:117][224]LogDerivedDataCache: Shutdown
[2018.12.16-03.48.58:117][224]LogModuleManager: Shutting down and abandoning module XGEController (158)
[2018.12.16-03.48.58:117][224]LogXGEController: Cleaning working directory: C:/Users/Alexis/AppData/Local/Temp/UnrealXGEWorkingDir/
[2018.12.16-03.48.58:117][224]LogModuleManager: Shutting down and abandoning module TargetPlatform (156)
[2018.12.16-03.48.58:117][224]LogModuleManager: Shutting down and abandoning module VulkanShaderFormat (155)
[2018.12.16-03.48.58:117][224]LogModuleManager: Shutting down and abandoning module ShaderFormatVectorVM (153)
[2018.12.16-03.48.58:117][224]LogModuleManager: Shutting down and abandoning module ShaderFormatOpenGL (151)
[2018.12.16-03.48.58:117][224]LogModuleManager: Shutting down and abandoning module ShaderFormatD3D (149)
[2018.12.16-03.48.58:117][224]LogModuleManager: Shutting down and abandoning module MetalShaderFormat (147)
[2018.12.16-03.48.58:117][224]LogModuleManager: Shutting down and abandoning module TextureFormatUncompressed (145)
[2018.12.16-03.48.58:117][224]LogModuleManager: Shutting down and abandoning module TextureFormatPVR (143)
[2018.12.16-03.48.58:117][224]LogModuleManager: Shutting down and abandoning module TextureFormatDXT (141)
[2018.12.16-03.48.58:117][224]LogModuleManager: Shutting down and abandoning module TextureFormatIntelISPCTexComp (139)
[2018.12.16-03.48.58:117][224]LogModuleManager: Shutting down and abandoning module TextureFormatASTC (137)
[2018.12.16-03.48.58:117][224]LogModuleManager: Shutting down and abandoning module ImageWrapper (136)
[2018.12.16-03.48.58:117][224]LogModuleManager: Shutting down and abandoning module TextureFormatAndroid (133)
[2018.12.16-03.48.58:117][224]LogModuleManager: Shutting down and abandoning module AudioFormatOpus (131)
[2018.12.16-03.48.58:117][224]LogModuleManager: Shutting down and abandoning module AudioFormatOgg (129)
[2018.12.16-03.48.58:117][224]LogModuleManager: Shutting down and abandoning module AudioFormatADPCM (127)
[2018.12.16-03.48.58:117][224]LogModuleManager: Shutting down and abandoning module LuminTargetPlatform (125)
[2018.12.16-03.48.58:118][224]LogModuleManager: Shutting down and abandoning module LinuxTargetPlatform (123)
[2018.12.16-03.48.58:118][224]LogModuleManager: Shutting down and abandoning module LinuxServerTargetPlatform (121)
[2018.12.16-03.48.58:118][224]LogModuleManager: Shutting down and abandoning module LinuxNoEditorTargetPlatform (119)
[2018.12.16-03.48.58:118][224]LogModuleManager: Shutting down and abandoning module LinuxClientTargetPlatform (117)
[2018.12.16-03.48.58:118][224]LogModuleManager: Shutting down and abandoning module TVOSTargetPlatform (115)
[2018.12.16-03.48.58:118][224]LogModuleManager: Shutting down and abandoning module Messaging (113)
[2018.12.16-03.48.58:118][224]LogModuleManager: Shutting down and abandoning module IOSTargetPlatform (111)
[2018.12.16-03.48.58:119][224]LogModuleManager: Shutting down and abandoning module HTML5TargetPlatform (109)
[2018.12.16-03.48.58:119][224]LogModuleManager: Shutting down and abandoning module AndroidTargetPlatform (107)
[2018.12.16-03.48.58:124][224]LogModuleManager: Shutting down and abandoning module WindowsTargetPlatform (105)
[2018.12.16-03.48.58:124][224]LogModuleManager: Shutting down and abandoning module WindowsServerTargetPlatform (103)
[2018.12.16-03.48.58:124][224]LogModuleManager: Shutting down and abandoning module WindowsNoEditorTargetPlatform (101)
[2018.12.16-03.48.58:124][224]LogModuleManager: Shutting down and abandoning module WindowsClientTargetPlatform (99)
[2018.12.16-03.48.58:124][224]LogModuleManager: Shutting down and abandoning module MacTargetPlatform (97)
[2018.12.16-03.48.58:124][224]LogModuleManager: Shutting down and abandoning module MacServerTargetPlatform (95)
[2018.12.16-03.48.58:124][224]LogModuleManager: Shutting down and abandoning module MacNoEditorTargetPlatform (93)
[2018.12.16-03.48.58:124][224]LogModuleManager: Shutting down and abandoning module MacClientTargetPlatform (91)
[2018.12.16-03.48.58:124][224]LogModuleManager: Shutting down and abandoning module AllDesktopTargetPlatform (89)
[2018.12.16-03.48.58:124][224]LogModuleManager: Shutting down and abandoning module InputCore (86)
[2018.12.16-03.48.58:124][224]LogModuleManager: Shutting down and abandoning module Settings (84)
[2018.12.16-03.48.58:124][224]LogModuleManager: Shutting down and abandoning module PhysXCooking (82)
[2018.12.16-03.48.58:124][224]LogModuleManager: Shutting down and abandoning module SteamVR (80)
[2018.12.16-03.48.58:124][224]LogHMD: Freeing OpenVRDLLHandle.
[2018.12.16-03.48.58:124][224]LogModuleManager: Shutting down and abandoning module OculusHMD (78)
[2018.12.16-03.48.58:124][224]LogModuleManager: Shutting down and abandoning module ExampleDeviceProfileSelector (76)
[2018.12.16-03.48.58:124][224]LogModuleManager: Shutting down and abandoning module LauncherChunkInstaller (74)
[2018.12.16-03.48.58:124][224]LogModuleManager: Shutting down and abandoning module OnlineBlueprintSupport (72)
[2018.12.16-03.48.58:124][224]LogModuleManager: Shutting down and abandoning module OnlineSubsystem (68)
[2018.12.16-03.48.58:124][224]LogModuleManager: Shutting down and abandoning module XMPP (63)
[2018.12.16-03.48.58:125][224]LogModuleManager: Shutting down and abandoning module WebSockets (62)
[2018.12.16-03.48.58:141][224]LogModuleManager: Shutting down and abandoning module HTTP (59)
[2018.12.16-03.48.58:141][224]LogHttp: Display: Http module shutting down, but needs to wait on 1 outstanding Http requests:
[2018.12.16-03.48.58:141][224]LogHttp: Display: 	verb=[POST] url=[https://datarouter.ol.epicgames.com/datarouter/api/v1/public/data?SessionID=%7B264DF88D-4CCE-5A55-F2AC-95BDACBA6513%7D&AppID=UEEditor.Rocket.Release&AppVersion=4.21.0-4541578%2B%2B%2BUE4%2BRelease-4.21&UserID=2f1629ad48fdf81ef5df89bb7dba378a%7C42c9f650194e4f9e95faa29c7f75a2dd%7C77b759b3-636e-4a66-ba63-e2b4adce9bb2&AppEnvironment=datacollector-binary&UploadType=eteventstream] status=Processing
[2018.12.16-03.48.58:163][224]LogModuleManager: Shutting down and abandoning module SSL (58)
[2018.12.16-03.48.58:164][224]LogModuleManager: Shutting down and abandoning module MagicLeapIdentity (54)
[2018.12.16-03.48.58:164][224]LogModuleManager: Shutting down and abandoning module MagicLeapHelperVulkan (52)
[2018.12.16-03.48.58:164][224]LogModuleManager: Shutting down and abandoning module MagicLeapHelperOpenGL (50)
[2018.12.16-03.48.58:164][224]LogModuleManager: Shutting down and abandoning module MagicLeapSecureStorage (48)
[2018.12.16-03.48.58:164][224]LogModuleManager: Shutting down and abandoning module MagicLeapHandTracking (46)
[2018.12.16-03.48.58:164][224]LogModuleManager: Shutting down and abandoning module MagicLeapEyeTracker (44)
[2018.12.16-03.48.58:164][224]LogModuleManager: Shutting down and abandoning module MagicLeapController (42)
[2018.12.16-03.48.58:164][224]LogSlate: Slate User Destroyed.  User Index 0, Is Virtual User: 0
[2018.12.16-03.48.58:164][224]LogModuleManager: Shutting down and abandoning module MagicLeap (40)
[2018.12.16-03.48.58:165][224]LogModuleManager: Shutting down and abandoning module DatasmithContent (38)
[2018.12.16-03.48.58:165][224]LogModuleManager: Shutting down and abandoning module AnimationModifiers (36)
[2018.12.16-03.48.58:165][224]LogModuleManager: Shutting down and abandoning module PropertyEditor (35)
[2018.12.16-03.48.58:165][224]LogModuleManager: Shutting down and abandoning module AudioEditor (32)
[2018.12.16-03.48.58:165][224]LogModuleManager: Shutting down and abandoning module TextureCompressor (30)
[2018.12.16-03.48.58:165][224]LogModuleManager: Shutting down and abandoning module ShaderCore (28)
[2018.12.16-03.48.58:165][224]LogModuleManager: Shutting down and abandoning module Landscape (26)
[2018.12.16-03.48.58:165][224]LogModuleManager: Shutting down and abandoning module SlateRHIRenderer (24)
[2018.12.16-03.48.58:165][224]LogModuleManager: Shutting down and abandoning module OpenGLDrv (22)
[2018.12.16-03.48.58:165][224]LogModuleManager: Shutting down and abandoning module D3D11RHI (20)
[2018.12.16-03.48.58:165][224]LogModuleManager: Shutting down and abandoning module AnimGraphRuntime (18)
[2018.12.16-03.48.58:165][224]LogModuleManager: Shutting down and abandoning module Renderer (16)
[2018.12.16-03.48.58:165][224]LogModuleManager: Shutting down and abandoning module Engine (14)
[2018.12.16-03.48.58:165][224]LogModuleManager: Shutting down and abandoning module CoreUObject (12)
[2018.12.16-03.48.58:165][224]LogModuleManager: Shutting down and abandoning module NetworkFile (10)
[2018.12.16-03.48.58:165][224]LogModuleManager: Shutting down and abandoning module CookedIterativeFile (8)
[2018.12.16-03.48.58:165][224]LogModuleManager: Shutting down and abandoning module StreamingFile (6)
[2018.12.16-03.48.58:165][224]LogModuleManager: Shutting down and abandoning module SandboxFile (4)
[2018.12.16-03.48.58:165][224]LogModuleManager: Shutting down and abandoning module PakFile (2)
[2018.12.16-03.48.58:169][224]LogExit: Exiting.
[2018.12.16-03.48.58:181][224]Log file closed, 12/15/18 19:48:58
